<?xml version="1.0" encoding="utf-8"?>
<TestRun id="a15ec798-201c-4d74-868b-2f3779387399" name="natha@MYCOMPUTER 2025-10-09 20:24:51" runUser="MYCOMPUTER\natha" xmlns="http://microsoft.com/schemas/VisualStudio/TeamTest/2010">
  <Times creation="2025-10-09T20:24:51.2985599-04:00" queuing="2025-10-09T20:24:51.2985599-04:00" start="2025-10-09T20:24:46.2230852-04:00" finish="2025-10-09T20:24:51.3014375-04:00" />
  <TestSettings name="default" id="e284942d-1e1b-49c4-9203-799119e991d5">
    <Deployment runDeploymentRoot="natha_MYCOMPUTER_2025-10-09_20_24_51" />
  </TestSettings>
  <Results>
    <UnitTestResult executionId="017d3e40-0a4f-4fc5-9f31-5d2cce0b2de0" testId="0f87dc05-79c9-73c1-3fa6-130ec8e0701e" testName="ObtenerPrestamosVencidos_DeberiaRetornarPrestamosConFechaVencida" computerName="MYCOMPUTER" duration="00:00:03.7728459" startTime="2025-10-09T20:24:47.3158869-04:00" endTime="2025-10-09T20:24:51.1589686-04:00" testType="13cdc9d9-ddb5-4fa4-a97d-d965ccfc6d4b" outcome="Failed" testListId="8c84fa94-04c1-424b-9868-57a2d4851a1d" relativeResultsDirectory="017d3e40-0a4f-4fc5-9f31-5d2cce0b2de0">
      <Output>
        <ErrorInfo>
          <Message>Excepción método de prueba Tests.PrestamoServiceTests.ObtenerPrestamosVencidos_DeberiaRetornarPrestamosConFechaVencida:&#xD;
Microsoft.Data.SqlClient.SqlException: El nombre de columna 'Activo' no es válido.&#xD;
El nombre de columna 'FechaCreacion' no es válido.&#xD;
El nombre de columna 'FechaModificacion' no es válido.</Message>
          <StackTrace>    at Microsoft.Data.SqlClient.SqlCommand.&lt;&gt;c.&lt;ExecuteDbDataReaderAsync&gt;b__211_0(Task`1 result)&#xD;
   at System.Threading.Tasks.ContinuationResultTaskFromResultTask`2.InnerInvoke()&#xD;
   at System.Threading.ExecutionContext.RunInternal(ExecutionContext executionContext, ContextCallback callback, Object state)&#xD;
--- End of stack trace from previous location ---&#xD;
   at System.Threading.ExecutionContext.RunInternal(ExecutionContext executionContext, ContextCallback callback, Object state)&#xD;
   at System.Threading.Tasks.Task.ExecuteWithThreadLocal(Task&amp; currentTaskSlot, Thread threadPoolThread)&#xD;
--- End of stack trace from previous location ---&#xD;
   at Microsoft.EntityFrameworkCore.Storage.RelationalCommand.ExecuteReaderAsync(RelationalCommandParameterObject parameterObject, CancellationToken cancellationToken)&#xD;
   at Microsoft.EntityFrameworkCore.Storage.RelationalCommand.ExecuteReaderAsync(RelationalCommandParameterObject parameterObject, CancellationToken cancellationToken)&#xD;
   at Microsoft.EntityFrameworkCore.Query.Internal.SingleQueryingEnumerable`1.AsyncEnumerator.InitializeReaderAsync(AsyncEnumerator enumerator, CancellationToken cancellationToken)&#xD;
   at Microsoft.EntityFrameworkCore.SqlServer.Storage.Internal.SqlServerExecutionStrategy.ExecuteAsync[TState,TResult](TState state, Func`4 operation, Func`4 verifySucceeded, CancellationToken cancellationToken)&#xD;
   at Microsoft.EntityFrameworkCore.Query.Internal.SingleQueryingEnumerable`1.AsyncEnumerator.MoveNextAsync()&#xD;
   at Microsoft.EntityFrameworkCore.EntityFrameworkQueryableExtensions.ToListAsync[TSource](IQueryable`1 source, CancellationToken cancellationToken)&#xD;
   at Microsoft.EntityFrameworkCore.EntityFrameworkQueryableExtensions.ToListAsync[TSource](IQueryable`1 source, CancellationToken cancellationToken)&#xD;
   at SIGEBI.Persistence.Repositories.PrestamoRepository.ObtenerPrestamosVencidosAsync() in C:\Users\natha\Desktop\PROYECTO II\Persistence\Repositories\PrestamoRepository.cs:line 29&#xD;
   at SIGEBI.Application.Services.PrestamoService.ObtenerPrestamosVencidosAsync() in C:\Users\natha\Desktop\PROYECTO II\Application\Services\PrestamoService.cs:line 153&#xD;
   at Tests.PrestamoServiceTests.ObtenerPrestamosVencidos_DeberiaRetornarPrestamosConFechaVencida() in C:\Users\natha\Desktop\PROYECTO II\SIGEBI2\Tests\PrestamoServiceTests.cs:line 216&#xD;
</StackTrace>
        </ErrorInfo>
      </Output>
    </UnitTestResult>
  </Results>
  <TestDefinitions>
    <UnitTest name="ObtenerPrestamosVencidos_DeberiaRetornarPrestamosConFechaVencida" storage="c:\users\natha\desktop\proyecto ii\sigebi2\tests\bin\debug\net8.0\tests.dll" id="0f87dc05-79c9-73c1-3fa6-130ec8e0701e">
      <Execution id="017d3e40-0a4f-4fc5-9f31-5d2cce0b2de0" />
      <TestMethod codeBase="C:\Users\natha\Desktop\PROYECTO II\SIGEBI2\Tests\bin\Debug\net8.0\Tests.dll" adapterTypeName="executor://mstestadapter/v2" className="Tests.PrestamoServiceTests" name="ObtenerPrestamosVencidos_DeberiaRetornarPrestamosConFechaVencida" />
    </UnitTest>
  </TestDefinitions>
  <TestEntries>
    <TestEntry testId="0f87dc05-79c9-73c1-3fa6-130ec8e0701e" executionId="017d3e40-0a4f-4fc5-9f31-5d2cce0b2de0" testListId="8c84fa94-04c1-424b-9868-57a2d4851a1d" />
  </TestEntries>
  <TestLists>
    <TestList name="Resultados sin formato de lista" id="8c84fa94-04c1-424b-9868-57a2d4851a1d" />
    <TestList name="Todos los resultados cargados" id="19431567-8539-422a-85d7-44ee4e166bda" />
  </TestLists>
  <ResultSummary outcome="Failed">
    <Counters total="1" executed="1" passed="0" failed="1" error="0" timeout="0" aborted="0" inconclusive="0" passedButRunAborted="0" notRunnable="0" notExecuted="0" disconnected="0" warning="0" completed="0" inProgress="0" pending="0" />
    <Output>
      <StdOut>Probar paralelización habilitada para C:\Users\natha\Desktop\PROYECTO II\SIGEBI2\Tests\bin\Debug\net8.0\Tests.dll (Trabajos: 16, Ámbito: MethodLevel)&#xD;
</StdOut>
    </Output>
  </ResultSummary>
</TestRun>