<?xml version="1.0" encoding="utf-8"?>
<TestRun id="7fb333bf-14c1-4d50-9e42-6f9661215da0" name="natha@MYCOMPUTER 2025-11-04 20:09:40" runUser="MYCOMPUTER\natha" xmlns="http://microsoft.com/schemas/VisualStudio/TeamTest/2010">
  <Times creation="2025-11-04T20:09:40.1841913-04:00" queuing="2025-11-04T20:09:40.1841913-04:00" start="2025-11-04T20:09:37.8325741-04:00" finish="2025-11-04T20:09:42.3582007-04:00" />
  <TestSettings name="default" id="d1783b79-c8cd-49b6-a9f0-485e0af96276">
    <Deployment runDeploymentRoot="natha_MYCOMPUTER_2025-11-04_20_09_40" />
  </TestSettings>
  <Results>
    <UnitTestResult executionId="949af96a-81f6-4ef8-b4f5-c6283976334c" testId="32b41bea-2140-9cb3-3f03-abdd19619f40" testName="RegistrarDevolucion_CuandoDetalleExistente_DeberiaMarcarComoDevuelto" computerName="MYCOMPUTER" duration="00:00:01.4679149" startTime="2025-11-04T20:09:38.6211480-04:00" endTime="2025-11-04T20:09:40.1506671-04:00" testType="13cdc9d9-ddb5-4fa4-a97d-d965ccfc6d4b" outcome="Failed" testListId="8c84fa94-04c1-424b-9868-57a2d4851a1d" relativeResultsDirectory="949af96a-81f6-4ef8-b4f5-c6283976334c">
      <Output>
        <ErrorInfo>
          <Message>El método de inicialización Tests.DetallePrestamoRepositoryTests.Setup devolvió una excepción. Microsoft.Data.SqlClient.SqlException: El nombre de objeto 'DetallePrestamos' no es válido..</Message>
          <StackTrace>    at Microsoft.Data.SqlClient.SqlConnection.OnError(SqlException exception, Boolean breakConnection, Action`1 wrapCloseInAction)&#xD;
   at Microsoft.Data.SqlClient.SqlInternalConnection.OnError(SqlException exception, Boolean breakConnection, Action`1 wrapCloseInAction)&#xD;
   at Microsoft.Data.SqlClient.TdsParser.ThrowExceptionAndWarning(TdsParserStateObject stateObj, Boolean callerHasConnectionLock, Boolean asyncClose)&#xD;
   at Microsoft.Data.SqlClient.TdsParser.TryRun(RunBehavior runBehavior, SqlCommand cmdHandler, SqlDataReader dataStream, BulkCopySimpleResultSet bulkCopyHandler, TdsParserStateObject stateObj, Boolean&amp; dataReady)&#xD;
   at Microsoft.Data.SqlClient.SqlCommand.RunExecuteNonQueryTds(String methodName, Boolean isAsync, Int32 timeout, Boolean asyncWrite)&#xD;
   at Microsoft.Data.SqlClient.SqlCommand.InternalExecuteNonQuery(TaskCompletionSource`1 completion, Boolean sendToPipe, Int32 timeout, Boolean&amp; usedCache, Boolean asyncWrite, Boolean inRetry, String methodName)&#xD;
   at Microsoft.Data.SqlClient.SqlCommand.ExecuteNonQuery()&#xD;
   at Microsoft.EntityFrameworkCore.Storage.RelationalCommand.ExecuteNonQuery(RelationalCommandParameterObject parameterObject)&#xD;
   at Microsoft.EntityFrameworkCore.RelationalDatabaseFacadeExtensions.ExecuteSqlRaw(DatabaseFacade databaseFacade, String sql, IEnumerable`1 parameters)&#xD;
   at Microsoft.EntityFrameworkCore.RelationalDatabaseFacadeExtensions.ExecuteSqlRaw(DatabaseFacade databaseFacade, String sql, Object[] parameters)&#xD;
   at Tests.DetallePrestamoRepositoryTests.Setup() in C:\Users\natha\Desktop\PROYECTO II\SIGEBI2\Tests\DetallePrestamoRepositoryTests.cs:line 42&#xD;
   at InvokeStub_DetallePrestamoRepositoryTests.Setup(Object, Object, IntPtr*)&#xD;
   at System.Reflection.MethodBaseInvoker.InvokeWithNoArgs(Object obj, BindingFlags invokeAttr)&#xD;
</StackTrace>
        </ErrorInfo>
      </Output>
    </UnitTestResult>
    <UnitTestResult executionId="73bc4080-3f8c-4e24-89d3-dbaa4f1cad0e" testId="75360eca-d18f-a04d-7241-2e4f745f9d96" testName="BuscarLibro_CuandoExisteCoincidencia_DeberiaRetornarResultados" computerName="MYCOMPUTER" duration="00:00:01.5419485" startTime="2025-11-04T20:09:38.6211956-04:00" endTime="2025-11-04T20:09:40.2157036-04:00" testType="13cdc9d9-ddb5-4fa4-a97d-d965ccfc6d4b" outcome="Failed" testListId="8c84fa94-04c1-424b-9868-57a2d4851a1d" relativeResultsDirectory="73bc4080-3f8c-4e24-89d3-dbaa4f1cad0e">
      <Output>
        <ErrorInfo>
          <Message>El método de inicialización Tests.LibroRepositoryTests.Setup devolvió una excepción. Microsoft.Data.SqlClient.SqlException: El usuario no tiene permiso para modificar la base de datos 'SIGEBI_Test', la base de datos no existe, o la base de datos no está en un estado que permita las comprobaciones de acceso.&#xD;
Error de la instrucción ALTER DATABASE..</Message>
          <StackTrace>    at Microsoft.Data.SqlClient.SqlConnection.OnError(SqlException exception, Boolean breakConnection, Action`1 wrapCloseInAction)&#xD;
   at Microsoft.Data.SqlClient.SqlInternalConnection.OnError(SqlException exception, Boolean breakConnection, Action`1 wrapCloseInAction)&#xD;
   at Microsoft.Data.SqlClient.TdsParser.ThrowExceptionAndWarning(TdsParserStateObject stateObj, Boolean callerHasConnectionLock, Boolean asyncClose)&#xD;
   at Microsoft.Data.SqlClient.TdsParser.TryRun(RunBehavior runBehavior, SqlCommand cmdHandler, SqlDataReader dataStream, BulkCopySimpleResultSet bulkCopyHandler, TdsParserStateObject stateObj, Boolean&amp; dataReady)&#xD;
   at Microsoft.Data.SqlClient.SqlCommand.RunExecuteNonQueryTds(String methodName, Boolean isAsync, Int32 timeout, Boolean asyncWrite)&#xD;
   at Microsoft.Data.SqlClient.SqlCommand.InternalExecuteNonQuery(TaskCompletionSource`1 completion, Boolean sendToPipe, Int32 timeout, Boolean&amp; usedCache, Boolean asyncWrite, Boolean inRetry, String methodName)&#xD;
   at Microsoft.Data.SqlClient.SqlCommand.ExecuteNonQuery()&#xD;
   at Microsoft.EntityFrameworkCore.Storage.RelationalCommand.ExecuteNonQuery(RelationalCommandParameterObject parameterObject)&#xD;
   at Microsoft.EntityFrameworkCore.Migrations.MigrationCommand.ExecuteNonQuery(IRelationalConnection connection, IReadOnlyDictionary`2 parameterValues)&#xD;
   at Microsoft.EntityFrameworkCore.Migrations.Internal.MigrationCommandExecutor.Execute(IReadOnlyList`1 migrationCommands, IRelationalConnection connection, MigrationExecutionState executionState, Boolean beginTransaction, Boolean commitTransaction, Nullable`1 isolationLevel)&#xD;
   at Microsoft.EntityFrameworkCore.Migrations.Internal.MigrationCommandExecutor.&lt;&gt;c.&lt;ExecuteNonQuery&gt;b__3_1(DbContext _, ValueTuple`6 s)&#xD;
   at Microsoft.EntityFrameworkCore.SqlServer.Storage.Internal.SqlServerExecutionStrategy.Execute[TState,TResult](TState state, Func`3 operation, Func`3 verifySucceeded)&#xD;
   at Microsoft.EntityFrameworkCore.Migrations.Internal.MigrationCommandExecutor.ExecuteNonQuery(IReadOnlyList`1 migrationCommands, IRelationalConnection connection, MigrationExecutionState executionState, Boolean commitTransaction, Nullable`1 isolationLevel)&#xD;
   at Microsoft.EntityFrameworkCore.SqlServer.Storage.Internal.SqlServerDatabaseCreator.Delete()&#xD;
   at Microsoft.EntityFrameworkCore.Storage.RelationalDatabaseCreator.EnsureDeleted()&#xD;
   at Microsoft.EntityFrameworkCore.Infrastructure.DatabaseFacade.EnsureDeleted()&#xD;
   at Tests.LibroRepositoryTests.Setup() in C:\Users\natha\Desktop\PROYECTO II\SIGEBI2\Tests\LibroRepositoryTests.cs:line 39&#xD;
   at InvokeStub_LibroRepositoryTests.Setup(Object, Object, IntPtr*)&#xD;
   at System.Reflection.MethodBaseInvoker.InvokeWithNoArgs(Object obj, BindingFlags invokeAttr)&#xD;
</StackTrace>
        </ErrorInfo>
      </Output>
    </UnitTestResult>
    <UnitTestResult executionId="bb8d0b1c-6ed4-43c7-af6d-2bd685c94740" testId="70c3f7cc-c780-6267-129e-c8e5972ee9f5" testName="ObtenerPrestamosActivosPorUsuario_CuandoExisten_DeberiaRetornarLista" computerName="MYCOMPUTER" duration="00:00:01.4679270" startTime="2025-11-04T20:09:38.6636577-04:00" endTime="2025-11-04T20:09:40.1505807-04:00" testType="13cdc9d9-ddb5-4fa4-a97d-d965ccfc6d4b" outcome="Failed" testListId="8c84fa94-04c1-424b-9868-57a2d4851a1d" relativeResultsDirectory="bb8d0b1c-6ed4-43c7-af6d-2bd685c94740">
      <Output>
        <ErrorInfo>
          <Message>El método de inicialización Tests.PrestamoServiceTests.Setup devolvió una excepción. Microsoft.Data.SqlClient.SqlException: El nombre de objeto 'DetallePrestamos' no es válido..</Message>
          <StackTrace>    at Microsoft.Data.SqlClient.SqlConnection.OnError(SqlException exception, Boolean breakConnection, Action`1 wrapCloseInAction)&#xD;
   at Microsoft.Data.SqlClient.SqlInternalConnection.OnError(SqlException exception, Boolean breakConnection, Action`1 wrapCloseInAction)&#xD;
   at Microsoft.Data.SqlClient.TdsParser.ThrowExceptionAndWarning(TdsParserStateObject stateObj, Boolean callerHasConnectionLock, Boolean asyncClose)&#xD;
   at Microsoft.Data.SqlClient.TdsParser.TryRun(RunBehavior runBehavior, SqlCommand cmdHandler, SqlDataReader dataStream, BulkCopySimpleResultSet bulkCopyHandler, TdsParserStateObject stateObj, Boolean&amp; dataReady)&#xD;
   at Microsoft.Data.SqlClient.SqlCommand.RunExecuteNonQueryTds(String methodName, Boolean isAsync, Int32 timeout, Boolean asyncWrite)&#xD;
   at Microsoft.Data.SqlClient.SqlCommand.InternalExecuteNonQuery(TaskCompletionSource`1 completion, Boolean sendToPipe, Int32 timeout, Boolean&amp; usedCache, Boolean asyncWrite, Boolean inRetry, String methodName)&#xD;
   at Microsoft.Data.SqlClient.SqlCommand.ExecuteNonQuery()&#xD;
   at Microsoft.EntityFrameworkCore.Storage.RelationalCommand.ExecuteNonQuery(RelationalCommandParameterObject parameterObject)&#xD;
   at Microsoft.EntityFrameworkCore.RelationalDatabaseFacadeExtensions.ExecuteSqlRaw(DatabaseFacade databaseFacade, String sql, IEnumerable`1 parameters)&#xD;
   at Microsoft.EntityFrameworkCore.RelationalDatabaseFacadeExtensions.ExecuteSqlRaw(DatabaseFacade databaseFacade, String sql, Object[] parameters)&#xD;
   at Tests.PrestamoServiceTests.Setup() in C:\Users\natha\Desktop\PROYECTO II\SIGEBI2\Tests\PrestamoServiceTests.cs:line 45&#xD;
   at System.RuntimeMethodHandle.InvokeMethod(Object target, Void** arguments, Signature sig, Boolean isConstructor)&#xD;
   at System.Reflection.MethodBaseInvoker.InvokeWithNoArgs(Object obj, BindingFlags invokeAttr)&#xD;
</StackTrace>
        </ErrorInfo>
      </Output>
    </UnitTestResult>
    <UnitTestResult executionId="5e2ff4e1-4e8d-4802-b33a-7e106cd3224f" testId="1e6b7b0a-c206-3b3d-3b03-9888f312f4ce" testName="RegistrarPrestamo_CuandoDatosValidos_DeberiaCrearPrestamoYDetalles" computerName="MYCOMPUTER" duration="00:00:01.4678842" startTime="2025-11-04T20:09:38.6637562-04:00" endTime="2025-11-04T20:09:40.1506682-04:00" testType="13cdc9d9-ddb5-4fa4-a97d-d965ccfc6d4b" outcome="Failed" testListId="8c84fa94-04c1-424b-9868-57a2d4851a1d" relativeResultsDirectory="5e2ff4e1-4e8d-4802-b33a-7e106cd3224f">
      <Output>
        <ErrorInfo>
          <Message>El método de inicialización Tests.PrestamoServiceTests.Setup devolvió una excepción. Microsoft.Data.SqlClient.SqlException: El nombre de objeto 'DetallePrestamos' no es válido..</Message>
          <StackTrace>    at Microsoft.Data.SqlClient.SqlConnection.OnError(SqlException exception, Boolean breakConnection, Action`1 wrapCloseInAction)&#xD;
   at Microsoft.Data.SqlClient.SqlInternalConnection.OnError(SqlException exception, Boolean breakConnection, Action`1 wrapCloseInAction)&#xD;
   at Microsoft.Data.SqlClient.TdsParser.ThrowExceptionAndWarning(TdsParserStateObject stateObj, Boolean callerHasConnectionLock, Boolean asyncClose)&#xD;
   at Microsoft.Data.SqlClient.TdsParser.TryRun(RunBehavior runBehavior, SqlCommand cmdHandler, SqlDataReader dataStream, BulkCopySimpleResultSet bulkCopyHandler, TdsParserStateObject stateObj, Boolean&amp; dataReady)&#xD;
   at Microsoft.Data.SqlClient.SqlCommand.RunExecuteNonQueryTds(String methodName, Boolean isAsync, Int32 timeout, Boolean asyncWrite)&#xD;
   at Microsoft.Data.SqlClient.SqlCommand.InternalExecuteNonQuery(TaskCompletionSource`1 completion, Boolean sendToPipe, Int32 timeout, Boolean&amp; usedCache, Boolean asyncWrite, Boolean inRetry, String methodName)&#xD;
   at Microsoft.Data.SqlClient.SqlCommand.ExecuteNonQuery()&#xD;
   at Microsoft.EntityFrameworkCore.Storage.RelationalCommand.ExecuteNonQuery(RelationalCommandParameterObject parameterObject)&#xD;
   at Microsoft.EntityFrameworkCore.RelationalDatabaseFacadeExtensions.ExecuteSqlRaw(DatabaseFacade databaseFacade, String sql, IEnumerable`1 parameters)&#xD;
   at Microsoft.EntityFrameworkCore.RelationalDatabaseFacadeExtensions.ExecuteSqlRaw(DatabaseFacade databaseFacade, String sql, Object[] parameters)&#xD;
   at Tests.PrestamoServiceTests.Setup() in C:\Users\natha\Desktop\PROYECTO II\SIGEBI2\Tests\PrestamoServiceTests.cs:line 45&#xD;
   at InvokeStub_PrestamoServiceTests.Setup(Object, Object, IntPtr*)&#xD;
   at System.Reflection.MethodBaseInvoker.InvokeWithNoArgs(Object obj, BindingFlags invokeAttr)&#xD;
</StackTrace>
        </ErrorInfo>
      </Output>
    </UnitTestResult>
    <UnitTestResult executionId="f348767e-2b18-4cee-a9f5-e3f577fac3c1" testId="09405597-7121-f8cb-0dcd-20dc70f7c4b8" testName="EliminarLibro_CuandoExiste_DeberiaDesactivarEntidad" computerName="MYCOMPUTER" duration="00:00:01.8002858" startTime="2025-11-04T20:09:38.6209233-04:00" endTime="2025-11-04T20:09:40.4739255-04:00" testType="13cdc9d9-ddb5-4fa4-a97d-d965ccfc6d4b" outcome="Failed" testListId="8c84fa94-04c1-424b-9868-57a2d4851a1d" relativeResultsDirectory="f348767e-2b18-4cee-a9f5-e3f577fac3c1">
      <Output>
        <ErrorInfo>
          <Message>El método de inicialización Tests.LibroRepositoryTests.Setup devolvió una excepción. Microsoft.Data.SqlClient.SqlException: A severe error occurred on the current command.  The results, if any, should be discarded..</Message>
          <StackTrace>    at Microsoft.Data.SqlClient.SqlConnection.OnError(SqlException exception, Boolean breakConnection, Action`1 wrapCloseInAction)&#xD;
   at Microsoft.Data.SqlClient.SqlInternalConnection.OnError(SqlException exception, Boolean breakConnection, Action`1 wrapCloseInAction)&#xD;
   at Microsoft.Data.SqlClient.TdsParser.ThrowExceptionAndWarning(TdsParserStateObject stateObj, Boolean callerHasConnectionLock, Boolean asyncClose)&#xD;
   at Microsoft.Data.SqlClient.TdsParser.TryRun(RunBehavior runBehavior, SqlCommand cmdHandler, SqlDataReader dataStream, BulkCopySimpleResultSet bulkCopyHandler, TdsParserStateObject stateObj, Boolean&amp; dataReady)&#xD;
   at Microsoft.Data.SqlClient.SqlCommand.RunExecuteNonQueryTds(String methodName, Boolean isAsync, Int32 timeout, Boolean asyncWrite)&#xD;
   at Microsoft.Data.SqlClient.SqlCommand.InternalExecuteNonQuery(TaskCompletionSource`1 completion, Boolean sendToPipe, Int32 timeout, Boolean&amp; usedCache, Boolean asyncWrite, Boolean inRetry, String methodName)&#xD;
   at Microsoft.Data.SqlClient.SqlCommand.ExecuteNonQuery()&#xD;
   at Microsoft.EntityFrameworkCore.Storage.RelationalCommand.ExecuteNonQuery(RelationalCommandParameterObject parameterObject)&#xD;
   at Microsoft.EntityFrameworkCore.Migrations.MigrationCommand.ExecuteNonQuery(IRelationalConnection connection, IReadOnlyDictionary`2 parameterValues)&#xD;
   at Microsoft.EntityFrameworkCore.Migrations.Internal.MigrationCommandExecutor.Execute(IReadOnlyList`1 migrationCommands, IRelationalConnection connection, MigrationExecutionState executionState, Boolean beginTransaction, Boolean commitTransaction, Nullable`1 isolationLevel)&#xD;
   at Microsoft.EntityFrameworkCore.Migrations.Internal.MigrationCommandExecutor.&lt;&gt;c.&lt;ExecuteNonQuery&gt;b__3_1(DbContext _, ValueTuple`6 s)&#xD;
   at Microsoft.EntityFrameworkCore.SqlServer.Storage.Internal.SqlServerExecutionStrategy.Execute[TState,TResult](TState state, Func`3 operation, Func`3 verifySucceeded)&#xD;
   at Microsoft.EntityFrameworkCore.Migrations.Internal.MigrationCommandExecutor.ExecuteNonQuery(IReadOnlyList`1 migrationCommands, IRelationalConnection connection, MigrationExecutionState executionState, Boolean commitTransaction, Nullable`1 isolationLevel)&#xD;
   at Microsoft.EntityFrameworkCore.SqlServer.Storage.Internal.SqlServerDatabaseCreator.Create()&#xD;
   at Microsoft.EntityFrameworkCore.Storage.RelationalDatabaseCreator.EnsureCreated()&#xD;
   at Microsoft.EntityFrameworkCore.Infrastructure.DatabaseFacade.EnsureCreated()&#xD;
   at Tests.LibroRepositoryTests.Setup() in C:\Users\natha\Desktop\PROYECTO II\SIGEBI2\Tests\LibroRepositoryTests.cs:line 40&#xD;
   at System.RuntimeMethodHandle.InvokeMethod(Object target, Void** arguments, Signature sig, Boolean isConstructor)&#xD;
   at System.Reflection.MethodBaseInvoker.InvokeWithNoArgs(Object obj, BindingFlags invokeAttr)&#xD;
</StackTrace>
        </ErrorInfo>
      </Output>
    </UnitTestResult>
    <UnitTestResult executionId="9ad2e886-0c47-4635-9f9b-8bbc92c09437" testId="6bdbc0fc-2b9c-c66a-e759-3d331883aabb" testName="ActualizarDuracionPrestamoDias_CuandoValorInvalido_DeberiaFallar" computerName="MYCOMPUTER" duration="00:00:01.4679424" startTime="2025-11-04T20:09:38.6210147-04:00" endTime="2025-11-04T20:09:40.1506411-04:00" testType="13cdc9d9-ddb5-4fa4-a97d-d965ccfc6d4b" outcome="Failed" testListId="8c84fa94-04c1-424b-9868-57a2d4851a1d" relativeResultsDirectory="9ad2e886-0c47-4635-9f9b-8bbc92c09437">
      <Output>
        <ErrorInfo>
          <Message>El método de inicialización Tests.ConfiguracionServiceTests.Setup devolvió una excepción. Microsoft.Data.SqlClient.SqlException: El nombre de objeto 'Configuraciones' no es válido..</Message>
          <StackTrace>    at Microsoft.Data.SqlClient.SqlConnection.OnError(SqlException exception, Boolean breakConnection, Action`1 wrapCloseInAction)&#xD;
   at Microsoft.Data.SqlClient.SqlInternalConnection.OnError(SqlException exception, Boolean breakConnection, Action`1 wrapCloseInAction)&#xD;
   at Microsoft.Data.SqlClient.TdsParser.ThrowExceptionAndWarning(TdsParserStateObject stateObj, Boolean callerHasConnectionLock, Boolean asyncClose)&#xD;
   at Microsoft.Data.SqlClient.TdsParser.TryRun(RunBehavior runBehavior, SqlCommand cmdHandler, SqlDataReader dataStream, BulkCopySimpleResultSet bulkCopyHandler, TdsParserStateObject stateObj, Boolean&amp; dataReady)&#xD;
   at Microsoft.Data.SqlClient.SqlCommand.RunExecuteNonQueryTds(String methodName, Boolean isAsync, Int32 timeout, Boolean asyncWrite)&#xD;
   at Microsoft.Data.SqlClient.SqlCommand.InternalExecuteNonQuery(TaskCompletionSource`1 completion, Boolean sendToPipe, Int32 timeout, Boolean&amp; usedCache, Boolean asyncWrite, Boolean inRetry, String methodName)&#xD;
   at Microsoft.Data.SqlClient.SqlCommand.ExecuteNonQuery()&#xD;
   at Microsoft.EntityFrameworkCore.Storage.RelationalCommand.ExecuteNonQuery(RelationalCommandParameterObject parameterObject)&#xD;
   at Microsoft.EntityFrameworkCore.RelationalDatabaseFacadeExtensions.ExecuteSqlRaw(DatabaseFacade databaseFacade, String sql, IEnumerable`1 parameters)&#xD;
   at Microsoft.EntityFrameworkCore.RelationalDatabaseFacadeExtensions.ExecuteSqlRaw(DatabaseFacade databaseFacade, String sql, Object[] parameters)&#xD;
   at Tests.ConfiguracionServiceTests.Setup() in C:\Users\natha\Desktop\PROYECTO II\SIGEBI2\Tests\ConfiguracionServiceTests.cs:line 40&#xD;
   at InvokeStub_ConfiguracionServiceTests.Setup(Object, Object, IntPtr*)&#xD;
   at System.Reflection.MethodBaseInvoker.InvokeWithNoArgs(Object obj, BindingFlags invokeAttr)&#xD;
</StackTrace>
        </ErrorInfo>
      </Output>
    </UnitTestResult>
    <UnitTestResult executionId="65c37b43-9114-41ed-b7fd-b79275952f49" testId="1be18bb9-e86e-e203-bf97-cbe2a35d82b6" testName="RegistrarDevolucion_CuandoLibroPrestado_DeberiaActualizarDisponibilidadYMarcarCerrado" computerName="MYCOMPUTER" duration="00:00:01.4678779" startTime="2025-11-04T20:09:38.6637305-04:00" endTime="2025-11-04T20:09:40.1506316-04:00" testType="13cdc9d9-ddb5-4fa4-a97d-d965ccfc6d4b" outcome="Failed" testListId="8c84fa94-04c1-424b-9868-57a2d4851a1d" relativeResultsDirectory="65c37b43-9114-41ed-b7fd-b79275952f49">
      <Output>
        <ErrorInfo>
          <Message>El método de inicialización Tests.PrestamoServiceTests.Setup devolvió una excepción. Microsoft.Data.SqlClient.SqlException: El nombre de objeto 'DetallePrestamos' no es válido..</Message>
          <StackTrace>    at Microsoft.Data.SqlClient.SqlConnection.OnError(SqlException exception, Boolean breakConnection, Action`1 wrapCloseInAction)&#xD;
   at Microsoft.Data.SqlClient.SqlInternalConnection.OnError(SqlException exception, Boolean breakConnection, Action`1 wrapCloseInAction)&#xD;
   at Microsoft.Data.SqlClient.TdsParser.ThrowExceptionAndWarning(TdsParserStateObject stateObj, Boolean callerHasConnectionLock, Boolean asyncClose)&#xD;
   at Microsoft.Data.SqlClient.TdsParser.TryRun(RunBehavior runBehavior, SqlCommand cmdHandler, SqlDataReader dataStream, BulkCopySimpleResultSet bulkCopyHandler, TdsParserStateObject stateObj, Boolean&amp; dataReady)&#xD;
   at Microsoft.Data.SqlClient.SqlCommand.RunExecuteNonQueryTds(String methodName, Boolean isAsync, Int32 timeout, Boolean asyncWrite)&#xD;
   at Microsoft.Data.SqlClient.SqlCommand.InternalExecuteNonQuery(TaskCompletionSource`1 completion, Boolean sendToPipe, Int32 timeout, Boolean&amp; usedCache, Boolean asyncWrite, Boolean inRetry, String methodName)&#xD;
   at Microsoft.Data.SqlClient.SqlCommand.ExecuteNonQuery()&#xD;
   at Microsoft.EntityFrameworkCore.Storage.RelationalCommand.ExecuteNonQuery(RelationalCommandParameterObject parameterObject)&#xD;
   at Microsoft.EntityFrameworkCore.RelationalDatabaseFacadeExtensions.ExecuteSqlRaw(DatabaseFacade databaseFacade, String sql, IEnumerable`1 parameters)&#xD;
   at Microsoft.EntityFrameworkCore.RelationalDatabaseFacadeExtensions.ExecuteSqlRaw(DatabaseFacade databaseFacade, String sql, Object[] parameters)&#xD;
   at Tests.PrestamoServiceTests.Setup() in C:\Users\natha\Desktop\PROYECTO II\SIGEBI2\Tests\PrestamoServiceTests.cs:line 45&#xD;
   at InvokeStub_PrestamoServiceTests.Setup(Object, Object, IntPtr*)&#xD;
   at System.Reflection.MethodBaseInvoker.InvokeWithNoArgs(Object obj, BindingFlags invokeAttr)&#xD;
</StackTrace>
        </ErrorInfo>
      </Output>
    </UnitTestResult>
    <UnitTestResult executionId="4de26f72-43fa-443e-9dca-2ce94df3351e" testId="53c7b45c-e7b0-e5e6-d198-7a21c3485639" testName="ObtenerLibrosMasPrestados_CuandoNoExistenPrestamos_DeberiaRetornarFail" computerName="MYCOMPUTER" duration="00:00:00.0363725" startTime="2025-11-04T20:09:40.1874089-04:00" endTime="2025-11-04T20:09:40.2239880-04:00" testType="13cdc9d9-ddb5-4fa4-a97d-d965ccfc6d4b" outcome="Failed" testListId="8c84fa94-04c1-424b-9868-57a2d4851a1d" relativeResultsDirectory="4de26f72-43fa-443e-9dca-2ce94df3351e">
      <Output>
        <ErrorInfo>
          <Message>El método de inicialización Tests.ReporteServiceTests.Setup devolvió una excepción. Microsoft.Data.SqlClient.SqlException: No se puede abrir la base de datos 'SIGEBI_Test' solicitada por el inicio de sesión. Error de inicio de sesión.&#xD;
Error de inicio de sesión del usuario 'MyComputer\natha'..</Message>
          <StackTrace>    at Microsoft.Data.ProviderBase.DbConnectionPool.TryGetConnection(DbConnection owningObject, UInt32 waitForMultipleObjectsTimeout, Boolean allowCreate, Boolean onlyOneCheckConnection, DbConnectionOptions userOptions, DbConnectionInternal&amp; connection)&#xD;
   at Microsoft.Data.ProviderBase.DbConnectionPool.TryGetConnection(DbConnection owningObject, TaskCompletionSource`1 retry, DbConnectionOptions userOptions, DbConnectionInternal&amp; connection)&#xD;
   at Microsoft.Data.ProviderBase.DbConnectionFactory.TryGetConnection(DbConnection owningConnection, TaskCompletionSource`1 retry, DbConnectionOptions userOptions, DbConnectionInternal oldConnection, DbConnectionInternal&amp; connection)&#xD;
   at Microsoft.Data.ProviderBase.DbConnectionInternal.TryOpenConnectionInternal(DbConnection outerConnection, DbConnectionFactory connectionFactory, TaskCompletionSource`1 retry, DbConnectionOptions userOptions)&#xD;
   at Microsoft.Data.ProviderBase.DbConnectionClosed.TryOpenConnection(DbConnection outerConnection, DbConnectionFactory connectionFactory, TaskCompletionSource`1 retry, DbConnectionOptions userOptions)&#xD;
   at Microsoft.Data.SqlClient.SqlConnection.TryOpen(TaskCompletionSource`1 retry, SqlConnectionOverrides overrides)&#xD;
   at Microsoft.Data.SqlClient.SqlConnection.Open(SqlConnectionOverrides overrides)&#xD;
   at Microsoft.Data.SqlClient.SqlConnection.Open()&#xD;
   at Microsoft.EntityFrameworkCore.SqlServer.Storage.Internal.SqlServerConnection.OpenDbConnection(Boolean errorsExpected)&#xD;
   at Microsoft.EntityFrameworkCore.Storage.RelationalConnection.OpenInternal(Boolean errorsExpected)&#xD;
   at Microsoft.EntityFrameworkCore.Storage.RelationalConnection.Open(Boolean errorsExpected)&#xD;
   at Microsoft.EntityFrameworkCore.Storage.RelationalCommand.ExecuteNonQuery(RelationalCommandParameterObject parameterObject)&#xD;
   at Microsoft.EntityFrameworkCore.RelationalDatabaseFacadeExtensions.ExecuteSqlRaw(DatabaseFacade databaseFacade, String sql, IEnumerable`1 parameters)&#xD;
   at Microsoft.EntityFrameworkCore.RelationalDatabaseFacadeExtensions.ExecuteSqlRaw(DatabaseFacade databaseFacade, String sql, Object[] parameters)&#xD;
   at Tests.ReporteServiceTests.Setup() in C:\Users\natha\Desktop\PROYECTO II\SIGEBI2\Tests\ReporteServiceTests.cs:line 41&#xD;
   at InvokeStub_ReporteServiceTests.Setup(Object, Object, IntPtr*)&#xD;
   at System.Reflection.MethodBaseInvoker.InvokeWithNoArgs(Object obj, BindingFlags invokeAttr)&#xD;
</StackTrace>
        </ErrorInfo>
      </Output>
    </UnitTestResult>
    <UnitTestResult executionId="780bfec8-c6b3-46b5-bb21-173c92fb44e8" testId="366cb8e1-2545-6865-f252-4a6dd2bfeeba" testName="EstaDisponible_CuandoLibroNuevo_DeberiaRetornarTrue" computerName="MYCOMPUTER" duration="00:00:01.5384197" startTime="2025-11-04T20:09:38.6636248-04:00" endTime="2025-11-04T20:09:40.2121212-04:00" testType="13cdc9d9-ddb5-4fa4-a97d-d965ccfc6d4b" outcome="Failed" testListId="8c84fa94-04c1-424b-9868-57a2d4851a1d" relativeResultsDirectory="780bfec8-c6b3-46b5-bb21-173c92fb44e8">
      <Output>
        <ErrorInfo>
          <Message>El método de inicialización Tests.LibroRepositoryTests.Setup devolvió una excepción. Microsoft.Data.SqlClient.SqlException: El usuario no tiene permiso para modificar la base de datos 'SIGEBI_Test', la base de datos no existe, o la base de datos no está en un estado que permita las comprobaciones de acceso.&#xD;
Error de la instrucción ALTER DATABASE..</Message>
          <StackTrace>    at Microsoft.Data.SqlClient.SqlConnection.OnError(SqlException exception, Boolean breakConnection, Action`1 wrapCloseInAction)&#xD;
   at Microsoft.Data.SqlClient.SqlInternalConnection.OnError(SqlException exception, Boolean breakConnection, Action`1 wrapCloseInAction)&#xD;
   at Microsoft.Data.SqlClient.TdsParser.ThrowExceptionAndWarning(TdsParserStateObject stateObj, Boolean callerHasConnectionLock, Boolean asyncClose)&#xD;
   at Microsoft.Data.SqlClient.TdsParser.TryRun(RunBehavior runBehavior, SqlCommand cmdHandler, SqlDataReader dataStream, BulkCopySimpleResultSet bulkCopyHandler, TdsParserStateObject stateObj, Boolean&amp; dataReady)&#xD;
   at Microsoft.Data.SqlClient.SqlCommand.RunExecuteNonQueryTds(String methodName, Boolean isAsync, Int32 timeout, Boolean asyncWrite)&#xD;
   at Microsoft.Data.SqlClient.SqlCommand.InternalExecuteNonQuery(TaskCompletionSource`1 completion, Boolean sendToPipe, Int32 timeout, Boolean&amp; usedCache, Boolean asyncWrite, Boolean inRetry, String methodName)&#xD;
   at Microsoft.Data.SqlClient.SqlCommand.ExecuteNonQuery()&#xD;
   at Microsoft.EntityFrameworkCore.Storage.RelationalCommand.ExecuteNonQuery(RelationalCommandParameterObject parameterObject)&#xD;
   at Microsoft.EntityFrameworkCore.Migrations.MigrationCommand.ExecuteNonQuery(IRelationalConnection connection, IReadOnlyDictionary`2 parameterValues)&#xD;
   at Microsoft.EntityFrameworkCore.Migrations.Internal.MigrationCommandExecutor.Execute(IReadOnlyList`1 migrationCommands, IRelationalConnection connection, MigrationExecutionState executionState, Boolean beginTransaction, Boolean commitTransaction, Nullable`1 isolationLevel)&#xD;
   at Microsoft.EntityFrameworkCore.Migrations.Internal.MigrationCommandExecutor.&lt;&gt;c.&lt;ExecuteNonQuery&gt;b__3_1(DbContext _, ValueTuple`6 s)&#xD;
   at Microsoft.EntityFrameworkCore.SqlServer.Storage.Internal.SqlServerExecutionStrategy.Execute[TState,TResult](TState state, Func`3 operation, Func`3 verifySucceeded)&#xD;
   at Microsoft.EntityFrameworkCore.Migrations.Internal.MigrationCommandExecutor.ExecuteNonQuery(IReadOnlyList`1 migrationCommands, IRelationalConnection connection, MigrationExecutionState executionState, Boolean commitTransaction, Nullable`1 isolationLevel)&#xD;
   at Microsoft.EntityFrameworkCore.SqlServer.Storage.Internal.SqlServerDatabaseCreator.Delete()&#xD;
   at Microsoft.EntityFrameworkCore.Storage.RelationalDatabaseCreator.EnsureDeleted()&#xD;
   at Microsoft.EntityFrameworkCore.Infrastructure.DatabaseFacade.EnsureDeleted()&#xD;
   at Tests.LibroRepositoryTests.Setup() in C:\Users\natha\Desktop\PROYECTO II\SIGEBI2\Tests\LibroRepositoryTests.cs:line 39&#xD;
   at InvokeStub_LibroRepositoryTests.Setup(Object, Object, IntPtr*)&#xD;
   at System.Reflection.MethodBaseInvoker.InvokeWithNoArgs(Object obj, BindingFlags invokeAttr)&#xD;
</StackTrace>
        </ErrorInfo>
      </Output>
    </UnitTestResult>
    <UnitTestResult executionId="6ad00ccc-e050-4871-81f8-a1736525e85a" testId="d48902c5-cca8-4efe-fb9a-86eeab005c63" testName="CambiarDisponibilidad_CuandoLibroActivo_DeberiaActualizarEstado" computerName="MYCOMPUTER" duration="00:00:01.5384454" startTime="2025-11-04T20:09:38.6635790-04:00" endTime="2025-11-04T20:09:40.2121483-04:00" testType="13cdc9d9-ddb5-4fa4-a97d-d965ccfc6d4b" outcome="Failed" testListId="8c84fa94-04c1-424b-9868-57a2d4851a1d" relativeResultsDirectory="6ad00ccc-e050-4871-81f8-a1736525e85a">
      <Output>
        <ErrorInfo>
          <Message>El método de inicialización Tests.LibroRepositoryTests.Setup devolvió una excepción. Microsoft.Data.SqlClient.SqlException: El usuario no tiene permiso para modificar la base de datos 'SIGEBI_Test', la base de datos no existe, o la base de datos no está en un estado que permita las comprobaciones de acceso.&#xD;
Error de la instrucción ALTER DATABASE..</Message>
          <StackTrace>    at Microsoft.Data.SqlClient.SqlConnection.OnError(SqlException exception, Boolean breakConnection, Action`1 wrapCloseInAction)&#xD;
   at Microsoft.Data.SqlClient.SqlInternalConnection.OnError(SqlException exception, Boolean breakConnection, Action`1 wrapCloseInAction)&#xD;
   at Microsoft.Data.SqlClient.TdsParser.ThrowExceptionAndWarning(TdsParserStateObject stateObj, Boolean callerHasConnectionLock, Boolean asyncClose)&#xD;
   at Microsoft.Data.SqlClient.TdsParser.TryRun(RunBehavior runBehavior, SqlCommand cmdHandler, SqlDataReader dataStream, BulkCopySimpleResultSet bulkCopyHandler, TdsParserStateObject stateObj, Boolean&amp; dataReady)&#xD;
   at Microsoft.Data.SqlClient.SqlCommand.RunExecuteNonQueryTds(String methodName, Boolean isAsync, Int32 timeout, Boolean asyncWrite)&#xD;
   at Microsoft.Data.SqlClient.SqlCommand.InternalExecuteNonQuery(TaskCompletionSource`1 completion, Boolean sendToPipe, Int32 timeout, Boolean&amp; usedCache, Boolean asyncWrite, Boolean inRetry, String methodName)&#xD;
   at Microsoft.Data.SqlClient.SqlCommand.ExecuteNonQuery()&#xD;
   at Microsoft.EntityFrameworkCore.Storage.RelationalCommand.ExecuteNonQuery(RelationalCommandParameterObject parameterObject)&#xD;
   at Microsoft.EntityFrameworkCore.Migrations.MigrationCommand.ExecuteNonQuery(IRelationalConnection connection, IReadOnlyDictionary`2 parameterValues)&#xD;
   at Microsoft.EntityFrameworkCore.Migrations.Internal.MigrationCommandExecutor.Execute(IReadOnlyList`1 migrationCommands, IRelationalConnection connection, MigrationExecutionState executionState, Boolean beginTransaction, Boolean commitTransaction, Nullable`1 isolationLevel)&#xD;
   at Microsoft.EntityFrameworkCore.Migrations.Internal.MigrationCommandExecutor.&lt;&gt;c.&lt;ExecuteNonQuery&gt;b__3_1(DbContext _, ValueTuple`6 s)&#xD;
   at Microsoft.EntityFrameworkCore.SqlServer.Storage.Internal.SqlServerExecutionStrategy.Execute[TState,TResult](TState state, Func`3 operation, Func`3 verifySucceeded)&#xD;
   at Microsoft.EntityFrameworkCore.Migrations.Internal.MigrationCommandExecutor.ExecuteNonQuery(IReadOnlyList`1 migrationCommands, IRelationalConnection connection, MigrationExecutionState executionState, Boolean commitTransaction, Nullable`1 isolationLevel)&#xD;
   at Microsoft.EntityFrameworkCore.SqlServer.Storage.Internal.SqlServerDatabaseCreator.Delete()&#xD;
   at Microsoft.EntityFrameworkCore.Storage.RelationalDatabaseCreator.EnsureDeleted()&#xD;
   at Microsoft.EntityFrameworkCore.Infrastructure.DatabaseFacade.EnsureDeleted()&#xD;
   at Tests.LibroRepositoryTests.Setup() in C:\Users\natha\Desktop\PROYECTO II\SIGEBI2\Tests\LibroRepositoryTests.cs:line 39&#xD;
   at InvokeStub_LibroRepositoryTests.Setup(Object, Object, IntPtr*)&#xD;
   at System.Reflection.MethodBaseInvoker.InvokeWithNoArgs(Object obj, BindingFlags invokeAttr)&#xD;
</StackTrace>
        </ErrorInfo>
      </Output>
    </UnitTestResult>
    <UnitTestResult executionId="bb751635-7f06-42b2-9fe3-0e1ec69db439" testId="d400c81a-ba07-c123-583e-471c35077dca" testName="ObtenerUsuarios_CuandoExistenRegistros_DeberiaRetornarLista" computerName="MYCOMPUTER" duration="00:00:00.2871282" startTime="2025-11-04T20:09:40.1871375-04:00" endTime="2025-11-04T20:09:40.4745119-04:00" testType="13cdc9d9-ddb5-4fa4-a97d-d965ccfc6d4b" outcome="Failed" testListId="8c84fa94-04c1-424b-9868-57a2d4851a1d" relativeResultsDirectory="bb751635-7f06-42b2-9fe3-0e1ec69db439">
      <Output>
        <ErrorInfo>
          <Message>El método de inicialización Tests.UsuarioRepositoryTests.Setup devolvió una excepción. Microsoft.Data.SqlClient.SqlException: La base de datos 'SIGEBI_Test' ya existe. Elija un nombre diferente para la base de datos..</Message>
          <StackTrace>    at Microsoft.Data.SqlClient.SqlConnection.OnError(SqlException exception, Boolean breakConnection, Action`1 wrapCloseInAction)&#xD;
   at Microsoft.Data.SqlClient.SqlInternalConnection.OnError(SqlException exception, Boolean breakConnection, Action`1 wrapCloseInAction)&#xD;
   at Microsoft.Data.SqlClient.TdsParser.ThrowExceptionAndWarning(TdsParserStateObject stateObj, Boolean callerHasConnectionLock, Boolean asyncClose)&#xD;
   at Microsoft.Data.SqlClient.TdsParser.TryRun(RunBehavior runBehavior, SqlCommand cmdHandler, SqlDataReader dataStream, BulkCopySimpleResultSet bulkCopyHandler, TdsParserStateObject stateObj, Boolean&amp; dataReady)&#xD;
   at Microsoft.Data.SqlClient.SqlCommand.RunExecuteNonQueryTds(String methodName, Boolean isAsync, Int32 timeout, Boolean asyncWrite)&#xD;
   at Microsoft.Data.SqlClient.SqlCommand.InternalExecuteNonQuery(TaskCompletionSource`1 completion, Boolean sendToPipe, Int32 timeout, Boolean&amp; usedCache, Boolean asyncWrite, Boolean inRetry, String methodName)&#xD;
   at Microsoft.Data.SqlClient.SqlCommand.ExecuteNonQuery()&#xD;
   at Microsoft.EntityFrameworkCore.Storage.RelationalCommand.ExecuteNonQuery(RelationalCommandParameterObject parameterObject)&#xD;
   at Microsoft.EntityFrameworkCore.Migrations.MigrationCommand.ExecuteNonQuery(IRelationalConnection connection, IReadOnlyDictionary`2 parameterValues)&#xD;
   at Microsoft.EntityFrameworkCore.Migrations.Internal.MigrationCommandExecutor.Execute(IReadOnlyList`1 migrationCommands, IRelationalConnection connection, MigrationExecutionState executionState, Boolean beginTransaction, Boolean commitTransaction, Nullable`1 isolationLevel)&#xD;
   at Microsoft.EntityFrameworkCore.Migrations.Internal.MigrationCommandExecutor.&lt;&gt;c.&lt;ExecuteNonQuery&gt;b__3_1(DbContext _, ValueTuple`6 s)&#xD;
   at Microsoft.EntityFrameworkCore.SqlServer.Storage.Internal.SqlServerExecutionStrategy.Execute[TState,TResult](TState state, Func`3 operation, Func`3 verifySucceeded)&#xD;
   at Microsoft.EntityFrameworkCore.Migrations.Internal.MigrationCommandExecutor.ExecuteNonQuery(IReadOnlyList`1 migrationCommands, IRelationalConnection connection, MigrationExecutionState executionState, Boolean commitTransaction, Nullable`1 isolationLevel)&#xD;
   at Microsoft.EntityFrameworkCore.SqlServer.Storage.Internal.SqlServerDatabaseCreator.Create()&#xD;
   at Microsoft.EntityFrameworkCore.Storage.RelationalDatabaseCreator.EnsureCreated()&#xD;
   at Microsoft.EntityFrameworkCore.Infrastructure.DatabaseFacade.EnsureCreated()&#xD;
   at Tests.UsuarioRepositoryTests.Setup() in C:\Users\natha\Desktop\PROYECTO II\SIGEBI2\Tests\UsuarioRepositoryTests.cs:line 53&#xD;
   at InvokeStub_UsuarioRepositoryTests.Setup(Object, Object, IntPtr*)&#xD;
   at System.Reflection.MethodBaseInvoker.InvokeWithNoArgs(Object obj, BindingFlags invokeAttr)&#xD;
</StackTrace>
        </ErrorInfo>
      </Output>
    </UnitTestResult>
    <UnitTestResult executionId="d4b346a4-f987-4330-95ba-ba0f60a03fe9" testId="2ec13354-dd5a-a43f-f317-0913a1db3842" testName="EliminarUsuario_CuandoExiste_DeberiaDesactivarCorrectamente" computerName="MYCOMPUTER" duration="00:00:00.2871227" startTime="2025-11-04T20:09:40.1869949-04:00" endTime="2025-11-04T20:09:40.4744935-04:00" testType="13cdc9d9-ddb5-4fa4-a97d-d965ccfc6d4b" outcome="Failed" testListId="8c84fa94-04c1-424b-9868-57a2d4851a1d" relativeResultsDirectory="d4b346a4-f987-4330-95ba-ba0f60a03fe9">
      <Output>
        <ErrorInfo>
          <Message>El método de inicialización Tests.UsuarioRepositoryTests.Setup devolvió una excepción. Microsoft.Data.SqlClient.SqlException: La base de datos 'SIGEBI_Test' ya existe. Elija un nombre diferente para la base de datos..</Message>
          <StackTrace>    at Microsoft.Data.SqlClient.SqlConnection.OnError(SqlException exception, Boolean breakConnection, Action`1 wrapCloseInAction)&#xD;
   at Microsoft.Data.SqlClient.SqlInternalConnection.OnError(SqlException exception, Boolean breakConnection, Action`1 wrapCloseInAction)&#xD;
   at Microsoft.Data.SqlClient.TdsParser.ThrowExceptionAndWarning(TdsParserStateObject stateObj, Boolean callerHasConnectionLock, Boolean asyncClose)&#xD;
   at Microsoft.Data.SqlClient.TdsParser.TryRun(RunBehavior runBehavior, SqlCommand cmdHandler, SqlDataReader dataStream, BulkCopySimpleResultSet bulkCopyHandler, TdsParserStateObject stateObj, Boolean&amp; dataReady)&#xD;
   at Microsoft.Data.SqlClient.SqlCommand.RunExecuteNonQueryTds(String methodName, Boolean isAsync, Int32 timeout, Boolean asyncWrite)&#xD;
   at Microsoft.Data.SqlClient.SqlCommand.InternalExecuteNonQuery(TaskCompletionSource`1 completion, Boolean sendToPipe, Int32 timeout, Boolean&amp; usedCache, Boolean asyncWrite, Boolean inRetry, String methodName)&#xD;
   at Microsoft.Data.SqlClient.SqlCommand.ExecuteNonQuery()&#xD;
   at Microsoft.EntityFrameworkCore.Storage.RelationalCommand.ExecuteNonQuery(RelationalCommandParameterObject parameterObject)&#xD;
   at Microsoft.EntityFrameworkCore.Migrations.MigrationCommand.ExecuteNonQuery(IRelationalConnection connection, IReadOnlyDictionary`2 parameterValues)&#xD;
   at Microsoft.EntityFrameworkCore.Migrations.Internal.MigrationCommandExecutor.Execute(IReadOnlyList`1 migrationCommands, IRelationalConnection connection, MigrationExecutionState executionState, Boolean beginTransaction, Boolean commitTransaction, Nullable`1 isolationLevel)&#xD;
   at Microsoft.EntityFrameworkCore.Migrations.Internal.MigrationCommandExecutor.&lt;&gt;c.&lt;ExecuteNonQuery&gt;b__3_1(DbContext _, ValueTuple`6 s)&#xD;
   at Microsoft.EntityFrameworkCore.SqlServer.Storage.Internal.SqlServerExecutionStrategy.Execute[TState,TResult](TState state, Func`3 operation, Func`3 verifySucceeded)&#xD;
   at Microsoft.EntityFrameworkCore.Migrations.Internal.MigrationCommandExecutor.ExecuteNonQuery(IReadOnlyList`1 migrationCommands, IRelationalConnection connection, MigrationExecutionState executionState, Boolean commitTransaction, Nullable`1 isolationLevel)&#xD;
   at Microsoft.EntityFrameworkCore.SqlServer.Storage.Internal.SqlServerDatabaseCreator.Create()&#xD;
   at Microsoft.EntityFrameworkCore.Storage.RelationalDatabaseCreator.EnsureCreated()&#xD;
   at Microsoft.EntityFrameworkCore.Infrastructure.DatabaseFacade.EnsureCreated()&#xD;
   at Tests.UsuarioRepositoryTests.Setup() in C:\Users\natha\Desktop\PROYECTO II\SIGEBI2\Tests\UsuarioRepositoryTests.cs:line 53&#xD;
   at InvokeStub_UsuarioRepositoryTests.Setup(Object, Object, IntPtr*)&#xD;
   at System.Reflection.MethodBaseInvoker.InvokeWithNoArgs(Object obj, BindingFlags invokeAttr)&#xD;
</StackTrace>
        </ErrorInfo>
      </Output>
    </UnitTestResult>
    <UnitTestResult executionId="f2b8f2e7-c814-420f-8375-2714b87cdcb6" testId="ae86d0f6-a0b1-f0f1-b5e7-3b04ea1e40b0" testName="CrearUsuario_CuandoDatosValidos_DeberiaGuardarCorrectamente" computerName="MYCOMPUTER" duration="00:00:02.0825169" startTime="2025-11-04T20:09:40.1831610-04:00" endTime="2025-11-04T20:09:42.2681666-04:00" testType="13cdc9d9-ddb5-4fa4-a97d-d965ccfc6d4b" outcome="Passed" testListId="8c84fa94-04c1-424b-9868-57a2d4851a1d" relativeResultsDirectory="f2b8f2e7-c814-420f-8375-2714b87cdcb6" />
    <UnitTestResult executionId="be482a95-6e84-493a-b1a0-bb50747b9e40" testId="68851ff9-62e3-3381-1aa6-306a6341c748" testName="ObtenerConfiguracion_CuandoExisteRegistro_DeberiaRetornarConfiguracionActual" computerName="MYCOMPUTER" duration="00:00:01.4679499" startTime="2025-11-04T20:09:38.6209141-04:00" endTime="2025-11-04T20:09:40.1506074-04:00" testType="13cdc9d9-ddb5-4fa4-a97d-d965ccfc6d4b" outcome="Failed" testListId="8c84fa94-04c1-424b-9868-57a2d4851a1d" relativeResultsDirectory="be482a95-6e84-493a-b1a0-bb50747b9e40">
      <Output>
        <ErrorInfo>
          <Message>El método de inicialización Tests.ConfiguracionServiceTests.Setup devolvió una excepción. Microsoft.Data.SqlClient.SqlException: El nombre de objeto 'Configuraciones' no es válido..</Message>
          <StackTrace>    at Microsoft.Data.SqlClient.SqlConnection.OnError(SqlException exception, Boolean breakConnection, Action`1 wrapCloseInAction)&#xD;
   at Microsoft.Data.SqlClient.SqlInternalConnection.OnError(SqlException exception, Boolean breakConnection, Action`1 wrapCloseInAction)&#xD;
   at Microsoft.Data.SqlClient.TdsParser.ThrowExceptionAndWarning(TdsParserStateObject stateObj, Boolean callerHasConnectionLock, Boolean asyncClose)&#xD;
   at Microsoft.Data.SqlClient.TdsParser.TryRun(RunBehavior runBehavior, SqlCommand cmdHandler, SqlDataReader dataStream, BulkCopySimpleResultSet bulkCopyHandler, TdsParserStateObject stateObj, Boolean&amp; dataReady)&#xD;
   at Microsoft.Data.SqlClient.SqlCommand.RunExecuteNonQueryTds(String methodName, Boolean isAsync, Int32 timeout, Boolean asyncWrite)&#xD;
   at Microsoft.Data.SqlClient.SqlCommand.InternalExecuteNonQuery(TaskCompletionSource`1 completion, Boolean sendToPipe, Int32 timeout, Boolean&amp; usedCache, Boolean asyncWrite, Boolean inRetry, String methodName)&#xD;
   at Microsoft.Data.SqlClient.SqlCommand.ExecuteNonQuery()&#xD;
   at Microsoft.EntityFrameworkCore.Storage.RelationalCommand.ExecuteNonQuery(RelationalCommandParameterObject parameterObject)&#xD;
   at Microsoft.EntityFrameworkCore.RelationalDatabaseFacadeExtensions.ExecuteSqlRaw(DatabaseFacade databaseFacade, String sql, IEnumerable`1 parameters)&#xD;
   at Microsoft.EntityFrameworkCore.RelationalDatabaseFacadeExtensions.ExecuteSqlRaw(DatabaseFacade databaseFacade, String sql, Object[] parameters)&#xD;
   at Tests.ConfiguracionServiceTests.Setup() in C:\Users\natha\Desktop\PROYECTO II\SIGEBI2\Tests\ConfiguracionServiceTests.cs:line 40&#xD;
   at System.RuntimeMethodHandle.InvokeMethod(Object target, Void** arguments, Signature sig, Boolean isConstructor)&#xD;
   at System.Reflection.MethodBaseInvoker.InvokeWithNoArgs(Object obj, BindingFlags invokeAttr)&#xD;
</StackTrace>
        </ErrorInfo>
      </Output>
    </UnitTestResult>
    <UnitTestResult executionId="5d8368e9-23d6-4f03-b9cf-34f3ebf59ccb" testId="a5cdc2ad-b7c8-66ca-dae5-f2ad3e598f24" testName="CrearLibro_CuandoDatosValidos_DeberiaAgregarLibro" computerName="MYCOMPUTER" duration="00:00:01.5383094" startTime="2025-11-04T20:09:38.6212487-04:00" endTime="2025-11-04T20:09:40.2121300-04:00" testType="13cdc9d9-ddb5-4fa4-a97d-d965ccfc6d4b" outcome="Failed" testListId="8c84fa94-04c1-424b-9868-57a2d4851a1d" relativeResultsDirectory="5d8368e9-23d6-4f03-b9cf-34f3ebf59ccb">
      <Output>
        <ErrorInfo>
          <Message>El método de inicialización Tests.LibroRepositoryTests.Setup devolvió una excepción. Microsoft.Data.SqlClient.SqlException: El usuario no tiene permiso para modificar la base de datos 'SIGEBI_Test', la base de datos no existe, o la base de datos no está en un estado que permita las comprobaciones de acceso.&#xD;
Error de la instrucción ALTER DATABASE..</Message>
          <StackTrace>    at Microsoft.Data.SqlClient.SqlConnection.OnError(SqlException exception, Boolean breakConnection, Action`1 wrapCloseInAction)&#xD;
   at Microsoft.Data.SqlClient.SqlInternalConnection.OnError(SqlException exception, Boolean breakConnection, Action`1 wrapCloseInAction)&#xD;
   at Microsoft.Data.SqlClient.TdsParser.ThrowExceptionAndWarning(TdsParserStateObject stateObj, Boolean callerHasConnectionLock, Boolean asyncClose)&#xD;
   at Microsoft.Data.SqlClient.TdsParser.TryRun(RunBehavior runBehavior, SqlCommand cmdHandler, SqlDataReader dataStream, BulkCopySimpleResultSet bulkCopyHandler, TdsParserStateObject stateObj, Boolean&amp; dataReady)&#xD;
   at Microsoft.Data.SqlClient.SqlCommand.RunExecuteNonQueryTds(String methodName, Boolean isAsync, Int32 timeout, Boolean asyncWrite)&#xD;
   at Microsoft.Data.SqlClient.SqlCommand.InternalExecuteNonQuery(TaskCompletionSource`1 completion, Boolean sendToPipe, Int32 timeout, Boolean&amp; usedCache, Boolean asyncWrite, Boolean inRetry, String methodName)&#xD;
   at Microsoft.Data.SqlClient.SqlCommand.ExecuteNonQuery()&#xD;
   at Microsoft.EntityFrameworkCore.Storage.RelationalCommand.ExecuteNonQuery(RelationalCommandParameterObject parameterObject)&#xD;
   at Microsoft.EntityFrameworkCore.Migrations.MigrationCommand.ExecuteNonQuery(IRelationalConnection connection, IReadOnlyDictionary`2 parameterValues)&#xD;
   at Microsoft.EntityFrameworkCore.Migrations.Internal.MigrationCommandExecutor.Execute(IReadOnlyList`1 migrationCommands, IRelationalConnection connection, MigrationExecutionState executionState, Boolean beginTransaction, Boolean commitTransaction, Nullable`1 isolationLevel)&#xD;
   at Microsoft.EntityFrameworkCore.Migrations.Internal.MigrationCommandExecutor.&lt;&gt;c.&lt;ExecuteNonQuery&gt;b__3_1(DbContext _, ValueTuple`6 s)&#xD;
   at Microsoft.EntityFrameworkCore.SqlServer.Storage.Internal.SqlServerExecutionStrategy.Execute[TState,TResult](TState state, Func`3 operation, Func`3 verifySucceeded)&#xD;
   at Microsoft.EntityFrameworkCore.Migrations.Internal.MigrationCommandExecutor.ExecuteNonQuery(IReadOnlyList`1 migrationCommands, IRelationalConnection connection, MigrationExecutionState executionState, Boolean commitTransaction, Nullable`1 isolationLevel)&#xD;
   at Microsoft.EntityFrameworkCore.SqlServer.Storage.Internal.SqlServerDatabaseCreator.Delete()&#xD;
   at Microsoft.EntityFrameworkCore.Storage.RelationalDatabaseCreator.EnsureDeleted()&#xD;
   at Microsoft.EntityFrameworkCore.Infrastructure.DatabaseFacade.EnsureDeleted()&#xD;
   at Tests.LibroRepositoryTests.Setup() in C:\Users\natha\Desktop\PROYECTO II\SIGEBI2\Tests\LibroRepositoryTests.cs:line 39&#xD;
   at InvokeStub_LibroRepositoryTests.Setup(Object, Object, IntPtr*)&#xD;
   at System.Reflection.MethodBaseInvoker.InvokeWithNoArgs(Object obj, BindingFlags invokeAttr)&#xD;
</StackTrace>
        </ErrorInfo>
      </Output>
    </UnitTestResult>
    <UnitTestResult executionId="d9a89328-ec62-4ed7-ad78-6000b322101f" testId="7b8021a3-aa61-655c-6515-aa3edafe7fe2" testName="ActualizarUsuario_CuandoExiste_DeberiaModificarDatos" computerName="MYCOMPUTER" duration="00:00:00.2897851" startTime="2025-11-04T20:09:40.1831232-04:00" endTime="2025-11-04T20:09:40.4733632-04:00" testType="13cdc9d9-ddb5-4fa4-a97d-d965ccfc6d4b" outcome="Failed" testListId="8c84fa94-04c1-424b-9868-57a2d4851a1d" relativeResultsDirectory="d9a89328-ec62-4ed7-ad78-6000b322101f">
      <Output>
        <ErrorInfo>
          <Message>El método de inicialización Tests.UsuarioRepositoryTests.Setup devolvió una excepción. Microsoft.Data.SqlClient.SqlException: A severe error occurred on the current command.  The results, if any, should be discarded..</Message>
          <StackTrace>    at Microsoft.Data.SqlClient.SqlConnection.OnError(SqlException exception, Boolean breakConnection, Action`1 wrapCloseInAction)&#xD;
   at Microsoft.Data.SqlClient.SqlInternalConnection.OnError(SqlException exception, Boolean breakConnection, Action`1 wrapCloseInAction)&#xD;
   at Microsoft.Data.SqlClient.TdsParser.ThrowExceptionAndWarning(TdsParserStateObject stateObj, Boolean callerHasConnectionLock, Boolean asyncClose)&#xD;
   at Microsoft.Data.SqlClient.TdsParser.TryRun(RunBehavior runBehavior, SqlCommand cmdHandler, SqlDataReader dataStream, BulkCopySimpleResultSet bulkCopyHandler, TdsParserStateObject stateObj, Boolean&amp; dataReady)&#xD;
   at Microsoft.Data.SqlClient.SqlCommand.RunExecuteNonQueryTds(String methodName, Boolean isAsync, Int32 timeout, Boolean asyncWrite)&#xD;
   at Microsoft.Data.SqlClient.SqlCommand.InternalExecuteNonQuery(TaskCompletionSource`1 completion, Boolean sendToPipe, Int32 timeout, Boolean&amp; usedCache, Boolean asyncWrite, Boolean inRetry, String methodName)&#xD;
   at Microsoft.Data.SqlClient.SqlCommand.ExecuteNonQuery()&#xD;
   at Microsoft.EntityFrameworkCore.Storage.RelationalCommand.ExecuteNonQuery(RelationalCommandParameterObject parameterObject)&#xD;
   at Microsoft.EntityFrameworkCore.Migrations.MigrationCommand.ExecuteNonQuery(IRelationalConnection connection, IReadOnlyDictionary`2 parameterValues)&#xD;
   at Microsoft.EntityFrameworkCore.Migrations.Internal.MigrationCommandExecutor.Execute(IReadOnlyList`1 migrationCommands, IRelationalConnection connection, MigrationExecutionState executionState, Boolean beginTransaction, Boolean commitTransaction, Nullable`1 isolationLevel)&#xD;
   at Microsoft.EntityFrameworkCore.Migrations.Internal.MigrationCommandExecutor.&lt;&gt;c.&lt;ExecuteNonQuery&gt;b__3_1(DbContext _, ValueTuple`6 s)&#xD;
   at Microsoft.EntityFrameworkCore.SqlServer.Storage.Internal.SqlServerExecutionStrategy.Execute[TState,TResult](TState state, Func`3 operation, Func`3 verifySucceeded)&#xD;
   at Microsoft.EntityFrameworkCore.Migrations.Internal.MigrationCommandExecutor.ExecuteNonQuery(IReadOnlyList`1 migrationCommands, IRelationalConnection connection, MigrationExecutionState executionState, Boolean commitTransaction, Nullable`1 isolationLevel)&#xD;
   at Microsoft.EntityFrameworkCore.SqlServer.Storage.Internal.SqlServerDatabaseCreator.Create()&#xD;
   at Microsoft.EntityFrameworkCore.Storage.RelationalDatabaseCreator.EnsureCreated()&#xD;
   at Microsoft.EntityFrameworkCore.Infrastructure.DatabaseFacade.EnsureCreated()&#xD;
   at Tests.UsuarioRepositoryTests.Setup() in C:\Users\natha\Desktop\PROYECTO II\SIGEBI2\Tests\UsuarioRepositoryTests.cs:line 53&#xD;
   at InvokeStub_UsuarioRepositoryTests.Setup(Object, Object, IntPtr*)&#xD;
   at System.Reflection.MethodBaseInvoker.InvokeWithNoArgs(Object obj, BindingFlags invokeAttr)&#xD;
</StackTrace>
        </ErrorInfo>
      </Output>
    </UnitTestResult>
    <UnitTestResult executionId="dc61eee0-2d89-40c8-bc0e-ee787837c0d3" testId="dae7012b-5194-5f78-ee8a-f5c65506513d" testName="ObtenerPrestamosVencidos_CuandoExisten_DeberiaRetornarPrestamosConFechaVencida" computerName="MYCOMPUTER" duration="00:00:01.4678485" startTime="2025-11-04T20:09:38.6637039-04:00" endTime="2025-11-04T20:09:40.1505664-04:00" testType="13cdc9d9-ddb5-4fa4-a97d-d965ccfc6d4b" outcome="Failed" testListId="8c84fa94-04c1-424b-9868-57a2d4851a1d" relativeResultsDirectory="dc61eee0-2d89-40c8-bc0e-ee787837c0d3">
      <Output>
        <ErrorInfo>
          <Message>El método de inicialización Tests.PrestamoServiceTests.Setup devolvió una excepción. Microsoft.Data.SqlClient.SqlException: El nombre de objeto 'DetallePrestamos' no es válido..</Message>
          <StackTrace>    at Microsoft.Data.SqlClient.SqlConnection.OnError(SqlException exception, Boolean breakConnection, Action`1 wrapCloseInAction)&#xD;
   at Microsoft.Data.SqlClient.SqlInternalConnection.OnError(SqlException exception, Boolean breakConnection, Action`1 wrapCloseInAction)&#xD;
   at Microsoft.Data.SqlClient.TdsParser.ThrowExceptionAndWarning(TdsParserStateObject stateObj, Boolean callerHasConnectionLock, Boolean asyncClose)&#xD;
   at Microsoft.Data.SqlClient.TdsParser.TryRun(RunBehavior runBehavior, SqlCommand cmdHandler, SqlDataReader dataStream, BulkCopySimpleResultSet bulkCopyHandler, TdsParserStateObject stateObj, Boolean&amp; dataReady)&#xD;
   at Microsoft.Data.SqlClient.SqlCommand.RunExecuteNonQueryTds(String methodName, Boolean isAsync, Int32 timeout, Boolean asyncWrite)&#xD;
   at Microsoft.Data.SqlClient.SqlCommand.InternalExecuteNonQuery(TaskCompletionSource`1 completion, Boolean sendToPipe, Int32 timeout, Boolean&amp; usedCache, Boolean asyncWrite, Boolean inRetry, String methodName)&#xD;
   at Microsoft.Data.SqlClient.SqlCommand.ExecuteNonQuery()&#xD;
   at Microsoft.EntityFrameworkCore.Storage.RelationalCommand.ExecuteNonQuery(RelationalCommandParameterObject parameterObject)&#xD;
   at Microsoft.EntityFrameworkCore.RelationalDatabaseFacadeExtensions.ExecuteSqlRaw(DatabaseFacade databaseFacade, String sql, IEnumerable`1 parameters)&#xD;
   at Microsoft.EntityFrameworkCore.RelationalDatabaseFacadeExtensions.ExecuteSqlRaw(DatabaseFacade databaseFacade, String sql, Object[] parameters)&#xD;
   at Tests.PrestamoServiceTests.Setup() in C:\Users\natha\Desktop\PROYECTO II\SIGEBI2\Tests\PrestamoServiceTests.cs:line 45&#xD;
   at InvokeStub_PrestamoServiceTests.Setup(Object, Object, IntPtr*)&#xD;
   at System.Reflection.MethodBaseInvoker.InvokeWithNoArgs(Object obj, BindingFlags invokeAttr)&#xD;
</StackTrace>
        </ErrorInfo>
      </Output>
    </UnitTestResult>
    <UnitTestResult executionId="8a26b3aa-c652-4ad7-bfc3-69790b3b87e3" testId="851917b9-5052-c156-f084-87ccdd71751c" testName="DesactivarUsuario_CuandoActivo_DeberiaCambiarEstado" computerName="MYCOMPUTER" duration="00:00:00.2894162" startTime="2025-11-04T20:09:40.1831985-04:00" endTime="2025-11-04T20:09:40.4730161-04:00" testType="13cdc9d9-ddb5-4fa4-a97d-d965ccfc6d4b" outcome="Failed" testListId="8c84fa94-04c1-424b-9868-57a2d4851a1d" relativeResultsDirectory="8a26b3aa-c652-4ad7-bfc3-69790b3b87e3">
      <Output>
        <ErrorInfo>
          <Message>El método de inicialización Tests.UsuarioRepositoryTests.Setup devolvió una excepción. Microsoft.Data.SqlClient.SqlException: La base de datos 'SIGEBI_Test' ya existe. Elija un nombre diferente para la base de datos..</Message>
          <StackTrace>    at Microsoft.Data.SqlClient.SqlConnection.OnError(SqlException exception, Boolean breakConnection, Action`1 wrapCloseInAction)&#xD;
   at Microsoft.Data.SqlClient.SqlInternalConnection.OnError(SqlException exception, Boolean breakConnection, Action`1 wrapCloseInAction)&#xD;
   at Microsoft.Data.SqlClient.TdsParser.ThrowExceptionAndWarning(TdsParserStateObject stateObj, Boolean callerHasConnectionLock, Boolean asyncClose)&#xD;
   at Microsoft.Data.SqlClient.TdsParser.TryRun(RunBehavior runBehavior, SqlCommand cmdHandler, SqlDataReader dataStream, BulkCopySimpleResultSet bulkCopyHandler, TdsParserStateObject stateObj, Boolean&amp; dataReady)&#xD;
   at Microsoft.Data.SqlClient.SqlCommand.RunExecuteNonQueryTds(String methodName, Boolean isAsync, Int32 timeout, Boolean asyncWrite)&#xD;
   at Microsoft.Data.SqlClient.SqlCommand.InternalExecuteNonQuery(TaskCompletionSource`1 completion, Boolean sendToPipe, Int32 timeout, Boolean&amp; usedCache, Boolean asyncWrite, Boolean inRetry, String methodName)&#xD;
   at Microsoft.Data.SqlClient.SqlCommand.ExecuteNonQuery()&#xD;
   at Microsoft.EntityFrameworkCore.Storage.RelationalCommand.ExecuteNonQuery(RelationalCommandParameterObject parameterObject)&#xD;
   at Microsoft.EntityFrameworkCore.Migrations.MigrationCommand.ExecuteNonQuery(IRelationalConnection connection, IReadOnlyDictionary`2 parameterValues)&#xD;
   at Microsoft.EntityFrameworkCore.Migrations.Internal.MigrationCommandExecutor.Execute(IReadOnlyList`1 migrationCommands, IRelationalConnection connection, MigrationExecutionState executionState, Boolean beginTransaction, Boolean commitTransaction, Nullable`1 isolationLevel)&#xD;
   at Microsoft.EntityFrameworkCore.Migrations.Internal.MigrationCommandExecutor.&lt;&gt;c.&lt;ExecuteNonQuery&gt;b__3_1(DbContext _, ValueTuple`6 s)&#xD;
   at Microsoft.EntityFrameworkCore.SqlServer.Storage.Internal.SqlServerExecutionStrategy.Execute[TState,TResult](TState state, Func`3 operation, Func`3 verifySucceeded)&#xD;
   at Microsoft.EntityFrameworkCore.Migrations.Internal.MigrationCommandExecutor.ExecuteNonQuery(IReadOnlyList`1 migrationCommands, IRelationalConnection connection, MigrationExecutionState executionState, Boolean commitTransaction, Nullable`1 isolationLevel)&#xD;
   at Microsoft.EntityFrameworkCore.SqlServer.Storage.Internal.SqlServerDatabaseCreator.Create()&#xD;
   at Microsoft.EntityFrameworkCore.Storage.RelationalDatabaseCreator.EnsureCreated()&#xD;
   at Microsoft.EntityFrameworkCore.Infrastructure.DatabaseFacade.EnsureCreated()&#xD;
   at Tests.UsuarioRepositoryTests.Setup() in C:\Users\natha\Desktop\PROYECTO II\SIGEBI2\Tests\UsuarioRepositoryTests.cs:line 53&#xD;
   at InvokeStub_UsuarioRepositoryTests.Setup(Object, Object, IntPtr*)&#xD;
   at System.Reflection.MethodBaseInvoker.InvokeWithNoArgs(Object obj, BindingFlags invokeAttr)&#xD;
</StackTrace>
        </ErrorInfo>
      </Output>
    </UnitTestResult>
    <UnitTestResult executionId="7af503f8-6768-4f86-b6e0-4dc2a97ad8e2" testId="dcf30a96-d6cd-55eb-620f-02ae4f912f46" testName="ActualizarLibro_CuandoExiste_DeberiaModificarCampos" computerName="MYCOMPUTER" duration="00:00:01.5420215" startTime="2025-11-04T20:09:38.6213008-04:00" endTime="2025-11-04T20:09:40.2157339-04:00" testType="13cdc9d9-ddb5-4fa4-a97d-d965ccfc6d4b" outcome="Failed" testListId="8c84fa94-04c1-424b-9868-57a2d4851a1d" relativeResultsDirectory="7af503f8-6768-4f86-b6e0-4dc2a97ad8e2">
      <Output>
        <ErrorInfo>
          <Message>El método de inicialización Tests.LibroRepositoryTests.Setup devolvió una excepción. Microsoft.Data.SqlClient.SqlException: El usuario no tiene permiso para modificar la base de datos 'SIGEBI_Test', la base de datos no existe, o la base de datos no está en un estado que permita las comprobaciones de acceso.&#xD;
Error de la instrucción ALTER DATABASE..</Message>
          <StackTrace>    at Microsoft.Data.SqlClient.SqlConnection.OnError(SqlException exception, Boolean breakConnection, Action`1 wrapCloseInAction)&#xD;
   at Microsoft.Data.SqlClient.SqlInternalConnection.OnError(SqlException exception, Boolean breakConnection, Action`1 wrapCloseInAction)&#xD;
   at Microsoft.Data.SqlClient.TdsParser.ThrowExceptionAndWarning(TdsParserStateObject stateObj, Boolean callerHasConnectionLock, Boolean asyncClose)&#xD;
   at Microsoft.Data.SqlClient.TdsParser.TryRun(RunBehavior runBehavior, SqlCommand cmdHandler, SqlDataReader dataStream, BulkCopySimpleResultSet bulkCopyHandler, TdsParserStateObject stateObj, Boolean&amp; dataReady)&#xD;
   at Microsoft.Data.SqlClient.SqlCommand.RunExecuteNonQueryTds(String methodName, Boolean isAsync, Int32 timeout, Boolean asyncWrite)&#xD;
   at Microsoft.Data.SqlClient.SqlCommand.InternalExecuteNonQuery(TaskCompletionSource`1 completion, Boolean sendToPipe, Int32 timeout, Boolean&amp; usedCache, Boolean asyncWrite, Boolean inRetry, String methodName)&#xD;
   at Microsoft.Data.SqlClient.SqlCommand.ExecuteNonQuery()&#xD;
   at Microsoft.EntityFrameworkCore.Storage.RelationalCommand.ExecuteNonQuery(RelationalCommandParameterObject parameterObject)&#xD;
   at Microsoft.EntityFrameworkCore.Migrations.MigrationCommand.ExecuteNonQuery(IRelationalConnection connection, IReadOnlyDictionary`2 parameterValues)&#xD;
   at Microsoft.EntityFrameworkCore.Migrations.Internal.MigrationCommandExecutor.Execute(IReadOnlyList`1 migrationCommands, IRelationalConnection connection, MigrationExecutionState executionState, Boolean beginTransaction, Boolean commitTransaction, Nullable`1 isolationLevel)&#xD;
   at Microsoft.EntityFrameworkCore.Migrations.Internal.MigrationCommandExecutor.&lt;&gt;c.&lt;ExecuteNonQuery&gt;b__3_1(DbContext _, ValueTuple`6 s)&#xD;
   at Microsoft.EntityFrameworkCore.SqlServer.Storage.Internal.SqlServerExecutionStrategy.Execute[TState,TResult](TState state, Func`3 operation, Func`3 verifySucceeded)&#xD;
   at Microsoft.EntityFrameworkCore.Migrations.Internal.MigrationCommandExecutor.ExecuteNonQuery(IReadOnlyList`1 migrationCommands, IRelationalConnection connection, MigrationExecutionState executionState, Boolean commitTransaction, Nullable`1 isolationLevel)&#xD;
   at Microsoft.EntityFrameworkCore.SqlServer.Storage.Internal.SqlServerDatabaseCreator.Delete()&#xD;
   at Microsoft.EntityFrameworkCore.Storage.RelationalDatabaseCreator.EnsureDeleted()&#xD;
   at Microsoft.EntityFrameworkCore.Infrastructure.DatabaseFacade.EnsureDeleted()&#xD;
   at Tests.LibroRepositoryTests.Setup() in C:\Users\natha\Desktop\PROYECTO II\SIGEBI2\Tests\LibroRepositoryTests.cs:line 39&#xD;
   at InvokeStub_LibroRepositoryTests.Setup(Object, Object, IntPtr*)&#xD;
   at System.Reflection.MethodBaseInvoker.InvokeWithNoArgs(Object obj, BindingFlags invokeAttr)&#xD;
</StackTrace>
        </ErrorInfo>
      </Output>
    </UnitTestResult>
    <UnitTestResult executionId="d38ea5f0-c005-43fd-a306-bf601ce89640" testId="44f9bc9a-bf4b-2dbc-485d-a791de6ce3ec" testName="ObtenerLibrosMasPrestados_CuandoExistenPrestamos_DeberiaRetornarListaOrdenada" computerName="MYCOMPUTER" duration="00:00:00.5313069" startTime="2025-11-04T20:09:39.6096129-04:00" endTime="2025-11-04T20:09:40.1505877-04:00" testType="13cdc9d9-ddb5-4fa4-a97d-d965ccfc6d4b" outcome="Failed" testListId="8c84fa94-04c1-424b-9868-57a2d4851a1d" relativeResultsDirectory="d38ea5f0-c005-43fd-a306-bf601ce89640">
      <Output>
        <ErrorInfo>
          <Message>El método de inicialización Tests.ReporteServiceTests.Setup devolvió una excepción. Microsoft.Data.SqlClient.SqlException: El nombre de objeto 'DetallePrestamos' no es válido..</Message>
          <StackTrace>    at Microsoft.Data.SqlClient.SqlConnection.OnError(SqlException exception, Boolean breakConnection, Action`1 wrapCloseInAction)&#xD;
   at Microsoft.Data.SqlClient.SqlInternalConnection.OnError(SqlException exception, Boolean breakConnection, Action`1 wrapCloseInAction)&#xD;
   at Microsoft.Data.SqlClient.TdsParser.ThrowExceptionAndWarning(TdsParserStateObject stateObj, Boolean callerHasConnectionLock, Boolean asyncClose)&#xD;
   at Microsoft.Data.SqlClient.TdsParser.TryRun(RunBehavior runBehavior, SqlCommand cmdHandler, SqlDataReader dataStream, BulkCopySimpleResultSet bulkCopyHandler, TdsParserStateObject stateObj, Boolean&amp; dataReady)&#xD;
   at Microsoft.Data.SqlClient.SqlCommand.RunExecuteNonQueryTds(String methodName, Boolean isAsync, Int32 timeout, Boolean asyncWrite)&#xD;
   at Microsoft.Data.SqlClient.SqlCommand.InternalExecuteNonQuery(TaskCompletionSource`1 completion, Boolean sendToPipe, Int32 timeout, Boolean&amp; usedCache, Boolean asyncWrite, Boolean inRetry, String methodName)&#xD;
   at Microsoft.Data.SqlClient.SqlCommand.ExecuteNonQuery()&#xD;
   at Microsoft.EntityFrameworkCore.Storage.RelationalCommand.ExecuteNonQuery(RelationalCommandParameterObject parameterObject)&#xD;
   at Microsoft.EntityFrameworkCore.RelationalDatabaseFacadeExtensions.ExecuteSqlRaw(DatabaseFacade databaseFacade, String sql, IEnumerable`1 parameters)&#xD;
   at Microsoft.EntityFrameworkCore.RelationalDatabaseFacadeExtensions.ExecuteSqlRaw(DatabaseFacade databaseFacade, String sql, Object[] parameters)&#xD;
   at Tests.ReporteServiceTests.Setup() in C:\Users\natha\Desktop\PROYECTO II\SIGEBI2\Tests\ReporteServiceTests.cs:line 41&#xD;
   at System.RuntimeMethodHandle.InvokeMethod(Object target, Void** arguments, Signature sig, Boolean isConstructor)&#xD;
   at System.Reflection.MethodBaseInvoker.InvokeWithNoArgs(Object obj, BindingFlags invokeAttr)&#xD;
</StackTrace>
        </ErrorInfo>
      </Output>
    </UnitTestResult>
    <UnitTestResult executionId="fb4e2520-03c1-4c0e-a218-0e02a95e5e98" testId="c2cb83ee-50fa-52d9-fbf0-8bca7b90115f" testName="ActualizarDuracionPrestamoDias_CuandoValorValido_DeberiaActualizarCorrectamente" computerName="MYCOMPUTER" duration="00:00:01.4679609" startTime="2025-11-04T20:09:38.6209777-04:00" endTime="2025-11-04T20:09:40.1505684-04:00" testType="13cdc9d9-ddb5-4fa4-a97d-d965ccfc6d4b" outcome="Failed" testListId="8c84fa94-04c1-424b-9868-57a2d4851a1d" relativeResultsDirectory="fb4e2520-03c1-4c0e-a218-0e02a95e5e98">
      <Output>
        <ErrorInfo>
          <Message>El método de inicialización Tests.ConfiguracionServiceTests.Setup devolvió una excepción. Microsoft.Data.SqlClient.SqlException: El nombre de objeto 'Configuraciones' no es válido..</Message>
          <StackTrace>    at Microsoft.Data.SqlClient.SqlConnection.OnError(SqlException exception, Boolean breakConnection, Action`1 wrapCloseInAction)&#xD;
   at Microsoft.Data.SqlClient.SqlInternalConnection.OnError(SqlException exception, Boolean breakConnection, Action`1 wrapCloseInAction)&#xD;
   at Microsoft.Data.SqlClient.TdsParser.ThrowExceptionAndWarning(TdsParserStateObject stateObj, Boolean callerHasConnectionLock, Boolean asyncClose)&#xD;
   at Microsoft.Data.SqlClient.TdsParser.TryRun(RunBehavior runBehavior, SqlCommand cmdHandler, SqlDataReader dataStream, BulkCopySimpleResultSet bulkCopyHandler, TdsParserStateObject stateObj, Boolean&amp; dataReady)&#xD;
   at Microsoft.Data.SqlClient.SqlCommand.RunExecuteNonQueryTds(String methodName, Boolean isAsync, Int32 timeout, Boolean asyncWrite)&#xD;
   at Microsoft.Data.SqlClient.SqlCommand.InternalExecuteNonQuery(TaskCompletionSource`1 completion, Boolean sendToPipe, Int32 timeout, Boolean&amp; usedCache, Boolean asyncWrite, Boolean inRetry, String methodName)&#xD;
   at Microsoft.Data.SqlClient.SqlCommand.ExecuteNonQuery()&#xD;
   at Microsoft.EntityFrameworkCore.Storage.RelationalCommand.ExecuteNonQuery(RelationalCommandParameterObject parameterObject)&#xD;
   at Microsoft.EntityFrameworkCore.RelationalDatabaseFacadeExtensions.ExecuteSqlRaw(DatabaseFacade databaseFacade, String sql, IEnumerable`1 parameters)&#xD;
   at Microsoft.EntityFrameworkCore.RelationalDatabaseFacadeExtensions.ExecuteSqlRaw(DatabaseFacade databaseFacade, String sql, Object[] parameters)&#xD;
   at Tests.ConfiguracionServiceTests.Setup() in C:\Users\natha\Desktop\PROYECTO II\SIGEBI2\Tests\ConfiguracionServiceTests.cs:line 40&#xD;
   at InvokeStub_ConfiguracionServiceTests.Setup(Object, Object, IntPtr*)&#xD;
   at System.Reflection.MethodBaseInvoker.InvokeWithNoArgs(Object obj, BindingFlags invokeAttr)&#xD;
</StackTrace>
        </ErrorInfo>
      </Output>
    </UnitTestResult>
    <UnitTestResult executionId="a31eb825-bd06-4e9f-9d3e-322ff8785a62" testId="eb0e14fb-52cb-e158-276b-af4b0d6069d1" testName="ObtenerPorPrestamo_CuandoExistePrestamo_DeberiaRetornarDetallesCorrectos" computerName="MYCOMPUTER" duration="00:00:01.4679300" startTime="2025-11-04T20:09:38.6210760-04:00" endTime="2025-11-04T20:09:40.1505584-04:00" testType="13cdc9d9-ddb5-4fa4-a97d-d965ccfc6d4b" outcome="Failed" testListId="8c84fa94-04c1-424b-9868-57a2d4851a1d" relativeResultsDirectory="a31eb825-bd06-4e9f-9d3e-322ff8785a62">
      <Output>
        <ErrorInfo>
          <Message>El método de inicialización Tests.DetallePrestamoRepositoryTests.Setup devolvió una excepción. Microsoft.Data.SqlClient.SqlException: El nombre de objeto 'DetallePrestamos' no es válido..</Message>
          <StackTrace>    at Microsoft.Data.SqlClient.SqlConnection.OnError(SqlException exception, Boolean breakConnection, Action`1 wrapCloseInAction)&#xD;
   at Microsoft.Data.SqlClient.SqlInternalConnection.OnError(SqlException exception, Boolean breakConnection, Action`1 wrapCloseInAction)&#xD;
   at Microsoft.Data.SqlClient.TdsParser.ThrowExceptionAndWarning(TdsParserStateObject stateObj, Boolean callerHasConnectionLock, Boolean asyncClose)&#xD;
   at Microsoft.Data.SqlClient.TdsParser.TryRun(RunBehavior runBehavior, SqlCommand cmdHandler, SqlDataReader dataStream, BulkCopySimpleResultSet bulkCopyHandler, TdsParserStateObject stateObj, Boolean&amp; dataReady)&#xD;
   at Microsoft.Data.SqlClient.SqlCommand.RunExecuteNonQueryTds(String methodName, Boolean isAsync, Int32 timeout, Boolean asyncWrite)&#xD;
   at Microsoft.Data.SqlClient.SqlCommand.InternalExecuteNonQuery(TaskCompletionSource`1 completion, Boolean sendToPipe, Int32 timeout, Boolean&amp; usedCache, Boolean asyncWrite, Boolean inRetry, String methodName)&#xD;
   at Microsoft.Data.SqlClient.SqlCommand.ExecuteNonQuery()&#xD;
   at Microsoft.EntityFrameworkCore.Storage.RelationalCommand.ExecuteNonQuery(RelationalCommandParameterObject parameterObject)&#xD;
   at Microsoft.EntityFrameworkCore.RelationalDatabaseFacadeExtensions.ExecuteSqlRaw(DatabaseFacade databaseFacade, String sql, IEnumerable`1 parameters)&#xD;
   at Microsoft.EntityFrameworkCore.RelationalDatabaseFacadeExtensions.ExecuteSqlRaw(DatabaseFacade databaseFacade, String sql, Object[] parameters)&#xD;
   at Tests.DetallePrestamoRepositoryTests.Setup() in C:\Users\natha\Desktop\PROYECTO II\SIGEBI2\Tests\DetallePrestamoRepositoryTests.cs:line 42&#xD;
   at System.RuntimeMethodHandle.InvokeMethod(Object target, Void** arguments, Signature sig, Boolean isConstructor)&#xD;
   at System.Reflection.MethodBaseInvoker.InvokeWithNoArgs(Object obj, BindingFlags invokeAttr)&#xD;
</StackTrace>
        </ErrorInfo>
      </Output>
    </UnitTestResult>
    <UnitTestResult executionId="7cca1b81-d63c-4d11-8dbd-7cd128a5cc24" testId="349a93cc-5b6f-086b-da47-8cfbdc04515d" testName="ActivarUsuario_CuandoInactivo_DeberiaCambiarEstado" computerName="MYCOMPUTER" duration="00:00:00.2910495" startTime="2025-11-04T20:09:40.1830427-04:00" endTime="2025-11-04T20:09:40.4746431-04:00" testType="13cdc9d9-ddb5-4fa4-a97d-d965ccfc6d4b" outcome="Failed" testListId="8c84fa94-04c1-424b-9868-57a2d4851a1d" relativeResultsDirectory="7cca1b81-d63c-4d11-8dbd-7cd128a5cc24">
      <Output>
        <ErrorInfo>
          <Message>El método de inicialización Tests.UsuarioRepositoryTests.Setup devolvió una excepción. Microsoft.Data.SqlClient.SqlException: A severe error occurred on the current command.  The results, if any, should be discarded..</Message>
          <StackTrace>    at Microsoft.Data.SqlClient.SqlConnection.OnError(SqlException exception, Boolean breakConnection, Action`1 wrapCloseInAction)&#xD;
   at Microsoft.Data.SqlClient.SqlInternalConnection.OnError(SqlException exception, Boolean breakConnection, Action`1 wrapCloseInAction)&#xD;
   at Microsoft.Data.SqlClient.TdsParser.ThrowExceptionAndWarning(TdsParserStateObject stateObj, Boolean callerHasConnectionLock, Boolean asyncClose)&#xD;
   at Microsoft.Data.SqlClient.TdsParser.TryRun(RunBehavior runBehavior, SqlCommand cmdHandler, SqlDataReader dataStream, BulkCopySimpleResultSet bulkCopyHandler, TdsParserStateObject stateObj, Boolean&amp; dataReady)&#xD;
   at Microsoft.Data.SqlClient.SqlCommand.RunExecuteNonQueryTds(String methodName, Boolean isAsync, Int32 timeout, Boolean asyncWrite)&#xD;
   at Microsoft.Data.SqlClient.SqlCommand.InternalExecuteNonQuery(TaskCompletionSource`1 completion, Boolean sendToPipe, Int32 timeout, Boolean&amp; usedCache, Boolean asyncWrite, Boolean inRetry, String methodName)&#xD;
   at Microsoft.Data.SqlClient.SqlCommand.ExecuteNonQuery()&#xD;
   at Microsoft.EntityFrameworkCore.Storage.RelationalCommand.ExecuteNonQuery(RelationalCommandParameterObject parameterObject)&#xD;
   at Microsoft.EntityFrameworkCore.Migrations.MigrationCommand.ExecuteNonQuery(IRelationalConnection connection, IReadOnlyDictionary`2 parameterValues)&#xD;
   at Microsoft.EntityFrameworkCore.Migrations.Internal.MigrationCommandExecutor.Execute(IReadOnlyList`1 migrationCommands, IRelationalConnection connection, MigrationExecutionState executionState, Boolean beginTransaction, Boolean commitTransaction, Nullable`1 isolationLevel)&#xD;
   at Microsoft.EntityFrameworkCore.Migrations.Internal.MigrationCommandExecutor.&lt;&gt;c.&lt;ExecuteNonQuery&gt;b__3_1(DbContext _, ValueTuple`6 s)&#xD;
   at Microsoft.EntityFrameworkCore.SqlServer.Storage.Internal.SqlServerExecutionStrategy.Execute[TState,TResult](TState state, Func`3 operation, Func`3 verifySucceeded)&#xD;
   at Microsoft.EntityFrameworkCore.Migrations.Internal.MigrationCommandExecutor.ExecuteNonQuery(IReadOnlyList`1 migrationCommands, IRelationalConnection connection, MigrationExecutionState executionState, Boolean commitTransaction, Nullable`1 isolationLevel)&#xD;
   at Microsoft.EntityFrameworkCore.SqlServer.Storage.Internal.SqlServerDatabaseCreator.Create()&#xD;
   at Microsoft.EntityFrameworkCore.Storage.RelationalDatabaseCreator.EnsureCreated()&#xD;
   at Microsoft.EntityFrameworkCore.Infrastructure.DatabaseFacade.EnsureCreated()&#xD;
   at Tests.UsuarioRepositoryTests.Setup() in C:\Users\natha\Desktop\PROYECTO II\SIGEBI2\Tests\UsuarioRepositoryTests.cs:line 53&#xD;
   at InvokeStub_UsuarioRepositoryTests.Setup(Object, Object, IntPtr*)&#xD;
   at System.Reflection.MethodBaseInvoker.InvokeWithNoArgs(Object obj, BindingFlags invokeAttr)&#xD;
</StackTrace>
        </ErrorInfo>
      </Output>
    </UnitTestResult>
  </Results>
  <TestDefinitions>
    <UnitTest name="ObtenerConfiguracion_CuandoExisteRegistro_DeberiaRetornarConfiguracionActual" storage="c:\users\natha\desktop\proyecto ii\sigebi2\tests\bin\debug\net8.0\tests.dll" id="68851ff9-62e3-3381-1aa6-306a6341c748">
      <Execution id="be482a95-6e84-493a-b1a0-bb50747b9e40" />
      <TestMethod codeBase="C:\Users\natha\Desktop\PROYECTO II\SIGEBI2\Tests\bin\Debug\net8.0\Tests.dll" adapterTypeName="executor://mstestadapter/v2" className="Tests.ConfiguracionServiceTests" name="ObtenerConfiguracion_CuandoExisteRegistro_DeberiaRetornarConfiguracionActual" />
    </UnitTest>
    <UnitTest name="EliminarUsuario_CuandoExiste_DeberiaDesactivarCorrectamente" storage="c:\users\natha\desktop\proyecto ii\sigebi2\tests\bin\debug\net8.0\tests.dll" id="2ec13354-dd5a-a43f-f317-0913a1db3842">
      <Execution id="d4b346a4-f987-4330-95ba-ba0f60a03fe9" />
      <TestMethod codeBase="C:\Users\natha\Desktop\PROYECTO II\SIGEBI2\Tests\bin\Debug\net8.0\Tests.dll" adapterTypeName="executor://mstestadapter/v2" className="Tests.UsuarioRepositoryTests" name="EliminarUsuario_CuandoExiste_DeberiaDesactivarCorrectamente" />
    </UnitTest>
    <UnitTest name="ActivarUsuario_CuandoInactivo_DeberiaCambiarEstado" storage="c:\users\natha\desktop\proyecto ii\sigebi2\tests\bin\debug\net8.0\tests.dll" id="349a93cc-5b6f-086b-da47-8cfbdc04515d">
      <Execution id="7cca1b81-d63c-4d11-8dbd-7cd128a5cc24" />
      <TestMethod codeBase="C:\Users\natha\Desktop\PROYECTO II\SIGEBI2\Tests\bin\Debug\net8.0\Tests.dll" adapterTypeName="executor://mstestadapter/v2" className="Tests.UsuarioRepositoryTests" name="ActivarUsuario_CuandoInactivo_DeberiaCambiarEstado" />
    </UnitTest>
    <UnitTest name="ObtenerPrestamosActivosPorUsuario_CuandoExisten_DeberiaRetornarLista" storage="c:\users\natha\desktop\proyecto ii\sigebi2\tests\bin\debug\net8.0\tests.dll" id="70c3f7cc-c780-6267-129e-c8e5972ee9f5">
      <Execution id="bb8d0b1c-6ed4-43c7-af6d-2bd685c94740" />
      <TestMethod codeBase="C:\Users\natha\Desktop\PROYECTO II\SIGEBI2\Tests\bin\Debug\net8.0\Tests.dll" adapterTypeName="executor://mstestadapter/v2" className="Tests.PrestamoServiceTests" name="ObtenerPrestamosActivosPorUsuario_CuandoExisten_DeberiaRetornarLista" />
    </UnitTest>
    <UnitTest name="CrearUsuario_CuandoDatosValidos_DeberiaGuardarCorrectamente" storage="c:\users\natha\desktop\proyecto ii\sigebi2\tests\bin\debug\net8.0\tests.dll" id="ae86d0f6-a0b1-f0f1-b5e7-3b04ea1e40b0">
      <Execution id="f2b8f2e7-c814-420f-8375-2714b87cdcb6" />
      <TestMethod codeBase="C:\Users\natha\Desktop\PROYECTO II\SIGEBI2\Tests\bin\Debug\net8.0\Tests.dll" adapterTypeName="executor://mstestadapter/v2" className="Tests.UsuarioRepositoryTests" name="CrearUsuario_CuandoDatosValidos_DeberiaGuardarCorrectamente" />
    </UnitTest>
    <UnitTest name="EliminarLibro_CuandoExiste_DeberiaDesactivarEntidad" storage="c:\users\natha\desktop\proyecto ii\sigebi2\tests\bin\debug\net8.0\tests.dll" id="09405597-7121-f8cb-0dcd-20dc70f7c4b8">
      <Execution id="f348767e-2b18-4cee-a9f5-e3f577fac3c1" />
      <TestMethod codeBase="C:\Users\natha\Desktop\PROYECTO II\SIGEBI2\Tests\bin\Debug\net8.0\Tests.dll" adapterTypeName="executor://mstestadapter/v2" className="Tests.LibroRepositoryTests" name="EliminarLibro_CuandoExiste_DeberiaDesactivarEntidad" />
    </UnitTest>
    <UnitTest name="ObtenerPrestamosVencidos_CuandoExisten_DeberiaRetornarPrestamosConFechaVencida" storage="c:\users\natha\desktop\proyecto ii\sigebi2\tests\bin\debug\net8.0\tests.dll" id="dae7012b-5194-5f78-ee8a-f5c65506513d">
      <Execution id="dc61eee0-2d89-40c8-bc0e-ee787837c0d3" />
      <TestMethod codeBase="C:\Users\natha\Desktop\PROYECTO II\SIGEBI2\Tests\bin\Debug\net8.0\Tests.dll" adapterTypeName="executor://mstestadapter/v2" className="Tests.PrestamoServiceTests" name="ObtenerPrestamosVencidos_CuandoExisten_DeberiaRetornarPrestamosConFechaVencida" />
    </UnitTest>
    <UnitTest name="RegistrarDevolucion_CuandoDetalleExistente_DeberiaMarcarComoDevuelto" storage="c:\users\natha\desktop\proyecto ii\sigebi2\tests\bin\debug\net8.0\tests.dll" id="32b41bea-2140-9cb3-3f03-abdd19619f40">
      <Execution id="949af96a-81f6-4ef8-b4f5-c6283976334c" />
      <TestMethod codeBase="C:\Users\natha\Desktop\PROYECTO II\SIGEBI2\Tests\bin\Debug\net8.0\Tests.dll" adapterTypeName="executor://mstestadapter/v2" className="Tests.DetallePrestamoRepositoryTests" name="RegistrarDevolucion_CuandoDetalleExistente_DeberiaMarcarComoDevuelto" />
    </UnitTest>
    <UnitTest name="ActualizarDuracionPrestamoDias_CuandoValorInvalido_DeberiaFallar" storage="c:\users\natha\desktop\proyecto ii\sigebi2\tests\bin\debug\net8.0\tests.dll" id="6bdbc0fc-2b9c-c66a-e759-3d331883aabb">
      <Execution id="9ad2e886-0c47-4635-9f9b-8bbc92c09437" />
      <TestMethod codeBase="C:\Users\natha\Desktop\PROYECTO II\SIGEBI2\Tests\bin\Debug\net8.0\Tests.dll" adapterTypeName="executor://mstestadapter/v2" className="Tests.ConfiguracionServiceTests" name="ActualizarDuracionPrestamoDias_CuandoValorInvalido_DeberiaFallar" />
    </UnitTest>
    <UnitTest name="EstaDisponible_CuandoLibroNuevo_DeberiaRetornarTrue" storage="c:\users\natha\desktop\proyecto ii\sigebi2\tests\bin\debug\net8.0\tests.dll" id="366cb8e1-2545-6865-f252-4a6dd2bfeeba">
      <Execution id="780bfec8-c6b3-46b5-bb21-173c92fb44e8" />
      <TestMethod codeBase="C:\Users\natha\Desktop\PROYECTO II\SIGEBI2\Tests\bin\Debug\net8.0\Tests.dll" adapterTypeName="executor://mstestadapter/v2" className="Tests.LibroRepositoryTests" name="EstaDisponible_CuandoLibroNuevo_DeberiaRetornarTrue" />
    </UnitTest>
    <UnitTest name="RegistrarDevolucion_CuandoLibroPrestado_DeberiaActualizarDisponibilidadYMarcarCerrado" storage="c:\users\natha\desktop\proyecto ii\sigebi2\tests\bin\debug\net8.0\tests.dll" id="1be18bb9-e86e-e203-bf97-cbe2a35d82b6">
      <Execution id="65c37b43-9114-41ed-b7fd-b79275952f49" />
      <TestMethod codeBase="C:\Users\natha\Desktop\PROYECTO II\SIGEBI2\Tests\bin\Debug\net8.0\Tests.dll" adapterTypeName="executor://mstestadapter/v2" className="Tests.PrestamoServiceTests" name="RegistrarDevolucion_CuandoLibroPrestado_DeberiaActualizarDisponibilidadYMarcarCerrado" />
    </UnitTest>
    <UnitTest name="CrearLibro_CuandoDatosValidos_DeberiaAgregarLibro" storage="c:\users\natha\desktop\proyecto ii\sigebi2\tests\bin\debug\net8.0\tests.dll" id="a5cdc2ad-b7c8-66ca-dae5-f2ad3e598f24">
      <Execution id="5d8368e9-23d6-4f03-b9cf-34f3ebf59ccb" />
      <TestMethod codeBase="C:\Users\natha\Desktop\PROYECTO II\SIGEBI2\Tests\bin\Debug\net8.0\Tests.dll" adapterTypeName="executor://mstestadapter/v2" className="Tests.LibroRepositoryTests" name="CrearLibro_CuandoDatosValidos_DeberiaAgregarLibro" />
    </UnitTest>
    <UnitTest name="ObtenerLibrosMasPrestados_CuandoNoExistenPrestamos_DeberiaRetornarFail" storage="c:\users\natha\desktop\proyecto ii\sigebi2\tests\bin\debug\net8.0\tests.dll" id="53c7b45c-e7b0-e5e6-d198-7a21c3485639">
      <Execution id="4de26f72-43fa-443e-9dca-2ce94df3351e" />
      <TestMethod codeBase="C:\Users\natha\Desktop\PROYECTO II\SIGEBI2\Tests\bin\Debug\net8.0\Tests.dll" adapterTypeName="executor://mstestadapter/v2" className="Tests.ReporteServiceTests" name="ObtenerLibrosMasPrestados_CuandoNoExistenPrestamos_DeberiaRetornarFail" />
    </UnitTest>
    <UnitTest name="ActualizarUsuario_CuandoExiste_DeberiaModificarDatos" storage="c:\users\natha\desktop\proyecto ii\sigebi2\tests\bin\debug\net8.0\tests.dll" id="7b8021a3-aa61-655c-6515-aa3edafe7fe2">
      <Execution id="d9a89328-ec62-4ed7-ad78-6000b322101f" />
      <TestMethod codeBase="C:\Users\natha\Desktop\PROYECTO II\SIGEBI2\Tests\bin\Debug\net8.0\Tests.dll" adapterTypeName="executor://mstestadapter/v2" className="Tests.UsuarioRepositoryTests" name="ActualizarUsuario_CuandoExiste_DeberiaModificarDatos" />
    </UnitTest>
    <UnitTest name="ObtenerUsuarios_CuandoExistenRegistros_DeberiaRetornarLista" storage="c:\users\natha\desktop\proyecto ii\sigebi2\tests\bin\debug\net8.0\tests.dll" id="d400c81a-ba07-c123-583e-471c35077dca">
      <Execution id="bb751635-7f06-42b2-9fe3-0e1ec69db439" />
      <TestMethod codeBase="C:\Users\natha\Desktop\PROYECTO II\SIGEBI2\Tests\bin\Debug\net8.0\Tests.dll" adapterTypeName="executor://mstestadapter/v2" className="Tests.UsuarioRepositoryTests" name="ObtenerUsuarios_CuandoExistenRegistros_DeberiaRetornarLista" />
    </UnitTest>
    <UnitTest name="DesactivarUsuario_CuandoActivo_DeberiaCambiarEstado" storage="c:\users\natha\desktop\proyecto ii\sigebi2\tests\bin\debug\net8.0\tests.dll" id="851917b9-5052-c156-f084-87ccdd71751c">
      <Execution id="8a26b3aa-c652-4ad7-bfc3-69790b3b87e3" />
      <TestMethod codeBase="C:\Users\natha\Desktop\PROYECTO II\SIGEBI2\Tests\bin\Debug\net8.0\Tests.dll" adapterTypeName="executor://mstestadapter/v2" className="Tests.UsuarioRepositoryTests" name="DesactivarUsuario_CuandoActivo_DeberiaCambiarEstado" />
    </UnitTest>
    <UnitTest name="ActualizarDuracionPrestamoDias_CuandoValorValido_DeberiaActualizarCorrectamente" storage="c:\users\natha\desktop\proyecto ii\sigebi2\tests\bin\debug\net8.0\tests.dll" id="c2cb83ee-50fa-52d9-fbf0-8bca7b90115f">
      <Execution id="fb4e2520-03c1-4c0e-a218-0e02a95e5e98" />
      <TestMethod codeBase="C:\Users\natha\Desktop\PROYECTO II\SIGEBI2\Tests\bin\Debug\net8.0\Tests.dll" adapterTypeName="executor://mstestadapter/v2" className="Tests.ConfiguracionServiceTests" name="ActualizarDuracionPrestamoDias_CuandoValorValido_DeberiaActualizarCorrectamente" />
    </UnitTest>
    <UnitTest name="RegistrarPrestamo_CuandoDatosValidos_DeberiaCrearPrestamoYDetalles" storage="c:\users\natha\desktop\proyecto ii\sigebi2\tests\bin\debug\net8.0\tests.dll" id="1e6b7b0a-c206-3b3d-3b03-9888f312f4ce">
      <Execution id="5e2ff4e1-4e8d-4802-b33a-7e106cd3224f" />
      <TestMethod codeBase="C:\Users\natha\Desktop\PROYECTO II\SIGEBI2\Tests\bin\Debug\net8.0\Tests.dll" adapterTypeName="executor://mstestadapter/v2" className="Tests.PrestamoServiceTests" name="RegistrarPrestamo_CuandoDatosValidos_DeberiaCrearPrestamoYDetalles" />
    </UnitTest>
    <UnitTest name="ActualizarLibro_CuandoExiste_DeberiaModificarCampos" storage="c:\users\natha\desktop\proyecto ii\sigebi2\tests\bin\debug\net8.0\tests.dll" id="dcf30a96-d6cd-55eb-620f-02ae4f912f46">
      <Execution id="7af503f8-6768-4f86-b6e0-4dc2a97ad8e2" />
      <TestMethod codeBase="C:\Users\natha\Desktop\PROYECTO II\SIGEBI2\Tests\bin\Debug\net8.0\Tests.dll" adapterTypeName="executor://mstestadapter/v2" className="Tests.LibroRepositoryTests" name="ActualizarLibro_CuandoExiste_DeberiaModificarCampos" />
    </UnitTest>
    <UnitTest name="BuscarLibro_CuandoExisteCoincidencia_DeberiaRetornarResultados" storage="c:\users\natha\desktop\proyecto ii\sigebi2\tests\bin\debug\net8.0\tests.dll" id="75360eca-d18f-a04d-7241-2e4f745f9d96">
      <Execution id="73bc4080-3f8c-4e24-89d3-dbaa4f1cad0e" />
      <TestMethod codeBase="C:\Users\natha\Desktop\PROYECTO II\SIGEBI2\Tests\bin\Debug\net8.0\Tests.dll" adapterTypeName="executor://mstestadapter/v2" className="Tests.LibroRepositoryTests" name="BuscarLibro_CuandoExisteCoincidencia_DeberiaRetornarResultados" />
    </UnitTest>
    <UnitTest name="ObtenerPorPrestamo_CuandoExistePrestamo_DeberiaRetornarDetallesCorrectos" storage="c:\users\natha\desktop\proyecto ii\sigebi2\tests\bin\debug\net8.0\tests.dll" id="eb0e14fb-52cb-e158-276b-af4b0d6069d1">
      <Execution id="a31eb825-bd06-4e9f-9d3e-322ff8785a62" />
      <TestMethod codeBase="C:\Users\natha\Desktop\PROYECTO II\SIGEBI2\Tests\bin\Debug\net8.0\Tests.dll" adapterTypeName="executor://mstestadapter/v2" className="Tests.DetallePrestamoRepositoryTests" name="ObtenerPorPrestamo_CuandoExistePrestamo_DeberiaRetornarDetallesCorrectos" />
    </UnitTest>
    <UnitTest name="ObtenerLibrosMasPrestados_CuandoExistenPrestamos_DeberiaRetornarListaOrdenada" storage="c:\users\natha\desktop\proyecto ii\sigebi2\tests\bin\debug\net8.0\tests.dll" id="44f9bc9a-bf4b-2dbc-485d-a791de6ce3ec">
      <Execution id="d38ea5f0-c005-43fd-a306-bf601ce89640" />
      <TestMethod codeBase="C:\Users\natha\Desktop\PROYECTO II\SIGEBI2\Tests\bin\Debug\net8.0\Tests.dll" adapterTypeName="executor://mstestadapter/v2" className="Tests.ReporteServiceTests" name="ObtenerLibrosMasPrestados_CuandoExistenPrestamos_DeberiaRetornarListaOrdenada" />
    </UnitTest>
    <UnitTest name="CambiarDisponibilidad_CuandoLibroActivo_DeberiaActualizarEstado" storage="c:\users\natha\desktop\proyecto ii\sigebi2\tests\bin\debug\net8.0\tests.dll" id="d48902c5-cca8-4efe-fb9a-86eeab005c63">
      <Execution id="6ad00ccc-e050-4871-81f8-a1736525e85a" />
      <TestMethod codeBase="C:\Users\natha\Desktop\PROYECTO II\SIGEBI2\Tests\bin\Debug\net8.0\Tests.dll" adapterTypeName="executor://mstestadapter/v2" className="Tests.LibroRepositoryTests" name="CambiarDisponibilidad_CuandoLibroActivo_DeberiaActualizarEstado" />
    </UnitTest>
  </TestDefinitions>
  <TestEntries>
    <TestEntry testId="32b41bea-2140-9cb3-3f03-abdd19619f40" executionId="949af96a-81f6-4ef8-b4f5-c6283976334c" testListId="8c84fa94-04c1-424b-9868-57a2d4851a1d" />
    <TestEntry testId="75360eca-d18f-a04d-7241-2e4f745f9d96" executionId="73bc4080-3f8c-4e24-89d3-dbaa4f1cad0e" testListId="8c84fa94-04c1-424b-9868-57a2d4851a1d" />
    <TestEntry testId="70c3f7cc-c780-6267-129e-c8e5972ee9f5" executionId="bb8d0b1c-6ed4-43c7-af6d-2bd685c94740" testListId="8c84fa94-04c1-424b-9868-57a2d4851a1d" />
    <TestEntry testId="1e6b7b0a-c206-3b3d-3b03-9888f312f4ce" executionId="5e2ff4e1-4e8d-4802-b33a-7e106cd3224f" testListId="8c84fa94-04c1-424b-9868-57a2d4851a1d" />
    <TestEntry testId="09405597-7121-f8cb-0dcd-20dc70f7c4b8" executionId="f348767e-2b18-4cee-a9f5-e3f577fac3c1" testListId="8c84fa94-04c1-424b-9868-57a2d4851a1d" />
    <TestEntry testId="6bdbc0fc-2b9c-c66a-e759-3d331883aabb" executionId="9ad2e886-0c47-4635-9f9b-8bbc92c09437" testListId="8c84fa94-04c1-424b-9868-57a2d4851a1d" />
    <TestEntry testId="1be18bb9-e86e-e203-bf97-cbe2a35d82b6" executionId="65c37b43-9114-41ed-b7fd-b79275952f49" testListId="8c84fa94-04c1-424b-9868-57a2d4851a1d" />
    <TestEntry testId="53c7b45c-e7b0-e5e6-d198-7a21c3485639" executionId="4de26f72-43fa-443e-9dca-2ce94df3351e" testListId="8c84fa94-04c1-424b-9868-57a2d4851a1d" />
    <TestEntry testId="366cb8e1-2545-6865-f252-4a6dd2bfeeba" executionId="780bfec8-c6b3-46b5-bb21-173c92fb44e8" testListId="8c84fa94-04c1-424b-9868-57a2d4851a1d" />
    <TestEntry testId="d48902c5-cca8-4efe-fb9a-86eeab005c63" executionId="6ad00ccc-e050-4871-81f8-a1736525e85a" testListId="8c84fa94-04c1-424b-9868-57a2d4851a1d" />
    <TestEntry testId="d400c81a-ba07-c123-583e-471c35077dca" executionId="bb751635-7f06-42b2-9fe3-0e1ec69db439" testListId="8c84fa94-04c1-424b-9868-57a2d4851a1d" />
    <TestEntry testId="2ec13354-dd5a-a43f-f317-0913a1db3842" executionId="d4b346a4-f987-4330-95ba-ba0f60a03fe9" testListId="8c84fa94-04c1-424b-9868-57a2d4851a1d" />
    <TestEntry testId="ae86d0f6-a0b1-f0f1-b5e7-3b04ea1e40b0" executionId="f2b8f2e7-c814-420f-8375-2714b87cdcb6" testListId="8c84fa94-04c1-424b-9868-57a2d4851a1d" />
    <TestEntry testId="68851ff9-62e3-3381-1aa6-306a6341c748" executionId="be482a95-6e84-493a-b1a0-bb50747b9e40" testListId="8c84fa94-04c1-424b-9868-57a2d4851a1d" />
    <TestEntry testId="a5cdc2ad-b7c8-66ca-dae5-f2ad3e598f24" executionId="5d8368e9-23d6-4f03-b9cf-34f3ebf59ccb" testListId="8c84fa94-04c1-424b-9868-57a2d4851a1d" />
    <TestEntry testId="7b8021a3-aa61-655c-6515-aa3edafe7fe2" executionId="d9a89328-ec62-4ed7-ad78-6000b322101f" testListId="8c84fa94-04c1-424b-9868-57a2d4851a1d" />
    <TestEntry testId="dae7012b-5194-5f78-ee8a-f5c65506513d" executionId="dc61eee0-2d89-40c8-bc0e-ee787837c0d3" testListId="8c84fa94-04c1-424b-9868-57a2d4851a1d" />
    <TestEntry testId="851917b9-5052-c156-f084-87ccdd71751c" executionId="8a26b3aa-c652-4ad7-bfc3-69790b3b87e3" testListId="8c84fa94-04c1-424b-9868-57a2d4851a1d" />
    <TestEntry testId="dcf30a96-d6cd-55eb-620f-02ae4f912f46" executionId="7af503f8-6768-4f86-b6e0-4dc2a97ad8e2" testListId="8c84fa94-04c1-424b-9868-57a2d4851a1d" />
    <TestEntry testId="44f9bc9a-bf4b-2dbc-485d-a791de6ce3ec" executionId="d38ea5f0-c005-43fd-a306-bf601ce89640" testListId="8c84fa94-04c1-424b-9868-57a2d4851a1d" />
    <TestEntry testId="c2cb83ee-50fa-52d9-fbf0-8bca7b90115f" executionId="fb4e2520-03c1-4c0e-a218-0e02a95e5e98" testListId="8c84fa94-04c1-424b-9868-57a2d4851a1d" />
    <TestEntry testId="eb0e14fb-52cb-e158-276b-af4b0d6069d1" executionId="a31eb825-bd06-4e9f-9d3e-322ff8785a62" testListId="8c84fa94-04c1-424b-9868-57a2d4851a1d" />
    <TestEntry testId="349a93cc-5b6f-086b-da47-8cfbdc04515d" executionId="7cca1b81-d63c-4d11-8dbd-7cd128a5cc24" testListId="8c84fa94-04c1-424b-9868-57a2d4851a1d" />
  </TestEntries>
  <TestLists>
    <TestList name="Resultados sin formato de lista" id="8c84fa94-04c1-424b-9868-57a2d4851a1d" />
    <TestList name="Todos los resultados cargados" id="19431567-8539-422a-85d7-44ee4e166bda" />
  </TestLists>
  <ResultSummary outcome="Failed">
    <Counters total="23" executed="23" passed="1" failed="22" error="0" timeout="0" aborted="0" inconclusive="0" passedButRunAborted="0" notRunnable="0" notExecuted="0" disconnected="0" warning="0" completed="0" inProgress="0" pending="0" />
    <Output>
      <StdOut>Probar paralelización habilitada para C:\Users\natha\Desktop\PROYECTO II\SIGEBI2\Tests\bin\Debug\net8.0\Tests.dll (Trabajos: 16, Ámbito: MethodLevel)&#xD;
</StdOut>
    </Output>
  </ResultSummary>
</TestRun>