<?xml version="1.0" encoding="utf-8"?>
<TestRun id="d5bcb00f-3b86-4273-86cc-f6d90e9b4290" name="natha@MYCOMPUTER 2025-10-08 08:36:50" runUser="MYCOMPUTER\natha" xmlns="http://microsoft.com/schemas/VisualStudio/TeamTest/2010">
  <Times creation="2025-10-08T08:36:50.1991228-04:00" queuing="2025-10-08T08:36:50.1991228-04:00" start="2025-10-08T08:36:47.6937394-04:00" finish="2025-10-08T08:36:50.2011262-04:00" />
  <TestSettings name="default" id="cec7a591-47cd-4bd6-a985-d6ec85eb6e79">
    <Deployment runDeploymentRoot="natha_MYCOMPUTER_2025-10-08_08_36_50" />
  </TestSettings>
  <Results>
    <UnitTestResult executionId="7ea7021b-60af-4e1d-b127-eba53d9c30a8" testId="198e8709-fae6-e5af-47ec-940a71201de4" testName="ActualizarLibro_DeberiaModificarCampos" computerName="MYCOMPUTER" duration="00:00:01.7074378" startTime="2025-10-08T08:36:48.3548918-04:00" endTime="2025-10-08T08:36:50.1068858-04:00" testType="13cdc9d9-ddb5-4fa4-a97d-d965ccfc6d4b" outcome="Failed" testListId="8c84fa94-04c1-424b-9868-57a2d4851a1d" relativeResultsDirectory="7ea7021b-60af-4e1d-b127-eba53d9c30a8">
      <Output>
        <ErrorInfo>
          <Message>Error de Assert.IsTrue. Error al crear libro inicial. Error al agregar entidad: An error occurred while saving the entity changes. See the inner exception for details.</Message>
          <StackTrace>   at Tests.LibroRepositoryTests.ActualizarLibro_DeberiaModificarCampos() in C:\Users\natha\Desktop\PROYECTO II\SIGEBI2\Tests\LibroRepositoryTests.cs:line 93&#xD;
</StackTrace>
        </ErrorInfo>
      </Output>
    </UnitTestResult>
  </Results>
  <TestDefinitions>
    <UnitTest name="ActualizarLibro_DeberiaModificarCampos" storage="c:\users\natha\desktop\proyecto ii\sigebi2\tests\bin\debug\net8.0\tests.dll" id="198e8709-fae6-e5af-47ec-940a71201de4">
      <Execution id="7ea7021b-60af-4e1d-b127-eba53d9c30a8" />
      <TestMethod codeBase="C:\Users\natha\Desktop\PROYECTO II\SIGEBI2\Tests\bin\Debug\net8.0\Tests.dll" adapterTypeName="executor://mstestadapter/v2" className="Tests.LibroRepositoryTests" name="ActualizarLibro_DeberiaModificarCampos" />
    </UnitTest>
  </TestDefinitions>
  <TestEntries>
    <TestEntry testId="198e8709-fae6-e5af-47ec-940a71201de4" executionId="7ea7021b-60af-4e1d-b127-eba53d9c30a8" testListId="8c84fa94-04c1-424b-9868-57a2d4851a1d" />
  </TestEntries>
  <TestLists>
    <TestList name="Resultados sin formato de lista" id="8c84fa94-04c1-424b-9868-57a2d4851a1d" />
    <TestList name="Todos los resultados cargados" id="19431567-8539-422a-85d7-44ee4e166bda" />
  </TestLists>
  <ResultSummary outcome="Failed">
    <Counters total="1" executed="1" passed="0" failed="1" error="0" timeout="0" aborted="0" inconclusive="0" passedButRunAborted="0" notRunnable="0" notExecuted="0" disconnected="0" warning="0" completed="0" inProgress="0" pending="0" />
    <Output>
      <StdOut>Probar paralelización habilitada para C:\Users\natha\Desktop\PROYECTO II\SIGEBI2\Tests\bin\Debug\net8.0\Tests.dll (Trabajos: 16, Ámbito: MethodLevel)&#xD;
</StdOut>
    </Output>
  </ResultSummary>
</TestRun>