<?xml version="1.0" encoding="utf-8"?>
<TestRun id="6ad6bfa5-433a-422a-99aa-7058ec299da8" name="natha@MYCOMPUTER 2025-10-09 19:51:21" runUser="MYCOMPUTER\natha" xmlns="http://microsoft.com/schemas/VisualStudio/TeamTest/2010">
  <Times creation="2025-10-09T19:51:21.4722133-04:00" queuing="2025-10-09T19:51:21.4722133-04:00" start="2025-10-09T19:51:18.8287818-04:00" finish="2025-10-09T19:51:24.1492309-04:00" />
  <TestSettings name="default" id="f408cf02-a606-40e7-90ac-02a3d0a91ea0">
    <Deployment runDeploymentRoot="natha_MYCOMPUTER_2025-10-09_19_51_21" />
  </TestSettings>
  <Results>
    <UnitTestResult executionId="8ccd05c0-a5bf-439e-b750-a23d77b47ec9" testId="bf93dc6a-d071-3c56-1f3c-796e1d62f918" testName="ObtenerUsuarios_DeberiaRetornarLista" computerName="MYCOMPUTER" duration="00:00:03.2407763" startTime="2025-10-09T19:51:20.7123098-04:00" endTime="2025-10-09T19:51:23.9535020-04:00" testType="13cdc9d9-ddb5-4fa4-a97d-d965ccfc6d4b" outcome="Passed" testListId="8c84fa94-04c1-424b-9868-57a2d4851a1d" relativeResultsDirectory="8ccd05c0-a5bf-439e-b750-a23d77b47ec9" />
    <UnitTestResult executionId="31d09e34-8472-4b50-975d-ba5cb27647a7" testId="4c5989ee-2eef-abd7-3d39-af27603ace72" testName="TestMethod1" computerName="MYCOMPUTER" duration="00:00:00.0104849" startTime="2025-10-09T19:51:19.9299866-04:00" endTime="2025-10-09T19:51:19.9579867-04:00" testType="13cdc9d9-ddb5-4fa4-a97d-d965ccfc6d4b" outcome="Passed" testListId="8c84fa94-04c1-424b-9868-57a2d4851a1d" relativeResultsDirectory="31d09e34-8472-4b50-975d-ba5cb27647a7" />
    <UnitTestResult executionId="9d9c79df-3a35-47c5-a6cb-5eec9440f0e0" testId="c63944cf-742c-8f06-2dba-ad74ec80fcb2" testName="CambiarDisponibilidad_DeberiaActualizarEstado" computerName="MYCOMPUTER" duration="00:00:04.0457220" startTime="2025-10-09T19:51:19.8637375-04:00" endTime="2025-10-09T19:51:23.9873451-04:00" testType="13cdc9d9-ddb5-4fa4-a97d-d965ccfc6d4b" outcome="Passed" testListId="8c84fa94-04c1-424b-9868-57a2d4851a1d" relativeResultsDirectory="9d9c79df-3a35-47c5-a6cb-5eec9440f0e0" />
    <UnitTestResult executionId="fd15f137-d37e-4938-97e2-c30196cd0eee" testId="80809000-ad3e-9518-968f-7d6850b255ba" testName="ActivarUsuario_DeberiaCambiarEstado" computerName="MYCOMPUTER" duration="00:00:04.0094906" startTime="2025-10-09T19:51:19.8638755-04:00" endTime="2025-10-09T19:51:23.9510947-04:00" testType="13cdc9d9-ddb5-4fa4-a97d-d965ccfc6d4b" outcome="Passed" testListId="8c84fa94-04c1-424b-9868-57a2d4851a1d" relativeResultsDirectory="fd15f137-d37e-4938-97e2-c30196cd0eee" />
    <UnitTestResult executionId="9e0f16ec-713d-4fe1-9691-1da3256437b3" testId="866774c8-1d71-53ee-66e6-d59f9be5aeb2" testName="RegistrarDevolucion_DeberiaActualizarLibroYMarcarPrestamoCerrado" computerName="MYCOMPUTER" duration="00:00:02.7252678" startTime="2025-10-09T19:51:19.8638218-04:00" endTime="2025-10-09T19:51:22.6677544-04:00" testType="13cdc9d9-ddb5-4fa4-a97d-d965ccfc6d4b" outcome="Failed" testListId="8c84fa94-04c1-424b-9868-57a2d4851a1d" relativeResultsDirectory="9e0f16ec-713d-4fe1-9691-1da3256437b3">
      <Output>
        <ErrorInfo>
          <Message>Excepción método de prueba Tests.PrestamoServiceTests.RegistrarDevolucion_DeberiaActualizarLibroYMarcarPrestamoCerrado:&#xD;
Microsoft.EntityFrameworkCore.DbUpdateException: An error occurred while saving the entity changes. See the inner exception for details. ---&gt; Microsoft.Data.SqlClient.SqlException: No se puede insertar una fila de clave duplicada en el objeto 'dbo.Libros' con índice único 'IX_Libros_ISBN'. El valor de la clave duplicada es (9780156012195).</Message>
          <StackTrace>    at Microsoft.Data.SqlClient.SqlConnection.OnError(SqlException exception, Boolean breakConnection, Action`1 wrapCloseInAction)&#xD;
   at Microsoft.Data.SqlClient.SqlInternalConnection.OnError(SqlException exception, Boolean breakConnection, Action`1 wrapCloseInAction)&#xD;
   at Microsoft.Data.SqlClient.TdsParser.ThrowExceptionAndWarning(TdsParserStateObject stateObj, Boolean callerHasConnectionLock, Boolean asyncClose)&#xD;
   at Microsoft.Data.SqlClient.TdsParser.TryRun(RunBehavior runBehavior, SqlCommand cmdHandler, SqlDataReader dataStream, BulkCopySimpleResultSet bulkCopyHandler, TdsParserStateObject stateObj, Boolean&amp; dataReady)&#xD;
   at Microsoft.Data.SqlClient.SqlDataReader.TryHasMoreRows(Boolean&amp; moreRows)&#xD;
   at Microsoft.Data.SqlClient.SqlDataReader.TryReadInternal(Boolean setTimeout, Boolean&amp; more)&#xD;
   at Microsoft.Data.SqlClient.SqlDataReader.Read()&#xD;
   at Microsoft.EntityFrameworkCore.Storage.RelationalDataReader.Read()&#xD;
   at Microsoft.EntityFrameworkCore.Update.AffectedCountModificationCommandBatch.ConsumeResultSet(Int32 startCommandIndex, RelationalDataReader reader)&#xD;
--- Fin del seguimiento de la pila de excepción interna ---&#xD;
    at Microsoft.EntityFrameworkCore.Update.AffectedCountModificationCommandBatch.ConsumeResultSet(Int32 startCommandIndex, RelationalDataReader reader)&#xD;
   at Microsoft.EntityFrameworkCore.Update.AffectedCountModificationCommandBatch.Consume(RelationalDataReader reader)&#xD;
   at Microsoft.EntityFrameworkCore.Update.ReaderModificationCommandBatch.Execute(IRelationalConnection connection)&#xD;
   at Microsoft.EntityFrameworkCore.SqlServer.Update.Internal.SqlServerModificationCommandBatch.Execute(IRelationalConnection connection)&#xD;
   at Microsoft.EntityFrameworkCore.Update.Internal.BatchExecutor.Execute(IEnumerable`1 commandBatches, IRelationalConnection connection)&#xD;
   at Microsoft.EntityFrameworkCore.Storage.RelationalDatabase.SaveChanges(IList`1 entries)&#xD;
   at Microsoft.EntityFrameworkCore.ChangeTracking.Internal.StateManager.SaveChanges(IList`1 entriesToSave)&#xD;
   at Microsoft.EntityFrameworkCore.ChangeTracking.Internal.StateManager.SaveChanges(StateManager stateManager, Boolean acceptAllChangesOnSuccess)&#xD;
   at Microsoft.EntityFrameworkCore.ChangeTracking.Internal.StateManager.&lt;&gt;c.&lt;SaveChanges&gt;b__112_0(DbContext _, ValueTuple`2 t)&#xD;
   at Microsoft.EntityFrameworkCore.SqlServer.Storage.Internal.SqlServerExecutionStrategy.Execute[TState,TResult](TState state, Func`3 operation, Func`3 verifySucceeded)&#xD;
   at Microsoft.EntityFrameworkCore.ChangeTracking.Internal.StateManager.SaveChanges(Boolean acceptAllChangesOnSuccess)&#xD;
   at Microsoft.EntityFrameworkCore.DbContext.SaveChanges(Boolean acceptAllChangesOnSuccess)&#xD;
   at Microsoft.EntityFrameworkCore.DbContext.SaveChanges()&#xD;
   at Tests.PrestamoServiceTests.RegistrarDevolucion_DeberiaActualizarLibroYMarcarPrestamoCerrado() in C:\Users\natha\Desktop\PROYECTO II\SIGEBI2\Tests\PrestamoServiceTests.cs:line 119&#xD;
</StackTrace>
        </ErrorInfo>
      </Output>
    </UnitTestResult>
    <UnitTestResult executionId="060d3ae3-d1b5-4026-9c0f-8f8a302eb2d6" testId="592fafa7-e46b-fc80-bd9b-2b8aea086276" testName="CrearLibro_DeberiaAgregarLibro" computerName="MYCOMPUTER" duration="00:00:02.7366898" startTime="2025-10-09T19:51:19.9301262-04:00" endTime="2025-10-09T19:51:22.6781662-04:00" testType="13cdc9d9-ddb5-4fa4-a97d-d965ccfc6d4b" outcome="Failed" testListId="8c84fa94-04c1-424b-9868-57a2d4851a1d" relativeResultsDirectory="060d3ae3-d1b5-4026-9c0f-8f8a302eb2d6">
      <Output>
        <ErrorInfo>
          <Message>Error de Assert.Fail. ❌ Error general: Error de Assert.IsTrue. ❌ La operación de agregado falló. Error al agregar entidad: An error occurred while saving the entity changes. See the inner exception for details.</Message>
          <StackTrace>   at Tests.LibroRepositoryTests.CrearLibro_DeberiaAgregarLibro() in C:\Users\natha\Desktop\PROYECTO II\SIGEBI2\Tests\LibroRepositoryTests.cs:line 70&#xD;
</StackTrace>
        </ErrorInfo>
      </Output>
    </UnitTestResult>
    <UnitTestResult executionId="a0858f03-dc43-4075-90ef-333617a6ede9" testId="95f0d1c0-bd2e-e7ca-f2b0-3d365b7c63cb" testName="RegistrarPrestamo_DeberiaCrearPrestamoYDetalles" computerName="MYCOMPUTER" duration="00:00:03.9658787" startTime="2025-10-09T19:51:19.9299012-04:00" endTime="2025-10-09T19:51:23.9075494-04:00" testType="13cdc9d9-ddb5-4fa4-a97d-d965ccfc6d4b" outcome="Failed" testListId="8c84fa94-04c1-424b-9868-57a2d4851a1d" relativeResultsDirectory="a0858f03-dc43-4075-90ef-333617a6ede9">
      <Output>
        <ErrorInfo>
          <Message>Error de Assert.IsTrue. ❌ Falló el registro de préstamo: No se pudo registrar el préstamo.</Message>
          <StackTrace>   at Tests.PrestamoServiceTests.RegistrarPrestamo_DeberiaCrearPrestamoYDetalles() in C:\Users\natha\Desktop\PROYECTO II\SIGEBI2\Tests\PrestamoServiceTests.cs:line 82&#xD;
</StackTrace>
        </ErrorInfo>
      </Output>
    </UnitTestResult>
    <UnitTestResult executionId="d0a0d41a-42ec-452b-b7b7-5c328e6aa01e" testId="c7114356-7df2-9da0-c4ef-82cfd3ee0779" testName="CrearUsuario_DeberiaGuardarCorrectamente" computerName="MYCOMPUTER" duration="00:00:04.0268241" startTime="2025-10-09T19:51:19.8639062-04:00" endTime="2025-10-09T19:51:23.9684145-04:00" testType="13cdc9d9-ddb5-4fa4-a97d-d965ccfc6d4b" outcome="Passed" testListId="8c84fa94-04c1-424b-9868-57a2d4851a1d" relativeResultsDirectory="d0a0d41a-42ec-452b-b7b7-5c328e6aa01e" />
    <UnitTestResult executionId="67e806de-fe5a-4883-bfbf-8074089b7676" testId="9ce84978-507e-9212-92e2-c7c3c7e2d4eb" testName="DesactivarUsuario_DeberiaCambiarEstado" computerName="MYCOMPUTER" duration="00:00:04.0093867" startTime="2025-10-09T19:51:19.8638302-04:00" endTime="2025-10-09T19:51:23.9510625-04:00" testType="13cdc9d9-ddb5-4fa4-a97d-d965ccfc6d4b" outcome="Passed" testListId="8c84fa94-04c1-424b-9868-57a2d4851a1d" relativeResultsDirectory="67e806de-fe5a-4883-bfbf-8074089b7676" />
    <UnitTestResult executionId="badb797e-85ac-4937-9a14-b17f454eb824" testId="45bbe590-e7fa-a738-6832-4cfd0d74d08b" testName="BuscarLibro_DeberiaRetornarCoincidencias" computerName="MYCOMPUTER" duration="00:00:04.0610909" startTime="2025-10-09T19:51:19.9299428-04:00" endTime="2025-10-09T19:51:24.0047536-04:00" testType="13cdc9d9-ddb5-4fa4-a97d-d965ccfc6d4b" outcome="Passed" testListId="8c84fa94-04c1-424b-9868-57a2d4851a1d" relativeResultsDirectory="badb797e-85ac-4937-9a14-b17f454eb824" />
    <UnitTestResult executionId="ac115ee9-46c0-490f-a6e8-9f1466be043d" testId="5b95f6e0-6eba-402b-5f87-95cad14ce473" testName="EliminarLibro_DeberiaDesactivarEntidad" computerName="MYCOMPUTER" duration="00:00:03.9754532" startTime="2025-10-09T19:51:19.9300839-04:00" endTime="2025-10-09T19:51:23.9170120-04:00" testType="13cdc9d9-ddb5-4fa4-a97d-d965ccfc6d4b" outcome="Failed" testListId="8c84fa94-04c1-424b-9868-57a2d4851a1d" relativeResultsDirectory="ac115ee9-46c0-490f-a6e8-9f1466be043d">
      <Output>
        <ErrorInfo>
          <Message>Error de Assert.IsTrue. Error al crear libro para eliminar. Error al agregar entidad: An error occurred while saving the entity changes. See the inner exception for details.</Message>
          <StackTrace>   at Tests.LibroRepositoryTests.EliminarLibro_DeberiaDesactivarEntidad() in C:\Users\natha\Desktop\PROYECTO II\SIGEBI2\Tests\LibroRepositoryTests.cs:line 190&#xD;
</StackTrace>
        </ErrorInfo>
      </Output>
    </UnitTestResult>
    <UnitTestResult executionId="a172aaae-501d-4eaa-86e6-31fb1c4a48f3" testId="7d52a1f8-3a44-d1c8-4163-e0633e897ad2" testName="EstaDisponible_DeberiaRetornarTruePorDefecto" computerName="MYCOMPUTER" duration="00:00:03.9751921" startTime="2025-10-09T19:51:19.9300326-04:00" endTime="2025-10-09T19:51:23.9168497-04:00" testType="13cdc9d9-ddb5-4fa4-a97d-d965ccfc6d4b" outcome="Failed" testListId="8c84fa94-04c1-424b-9868-57a2d4851a1d" relativeResultsDirectory="a172aaae-501d-4eaa-86e6-31fb1c4a48f3">
      <Output>
        <ErrorInfo>
          <Message>Error de Assert.IsTrue. Error al crear libro para verificar disponibilidad. Error al agregar entidad: An error occurred while saving the entity changes. See the inner exception for details.</Message>
          <StackTrace>   at Tests.LibroRepositoryTests.EstaDisponible_DeberiaRetornarTruePorDefecto() in C:\Users\natha\Desktop\PROYECTO II\SIGEBI2\Tests\LibroRepositoryTests.cs:line 141&#xD;
</StackTrace>
        </ErrorInfo>
      </Output>
    </UnitTestResult>
    <UnitTestResult executionId="d947e8b0-3bbc-4334-9a3e-b93603d67ac5" testId="3a16017c-c8ea-3bf1-d29e-cbfb5aaae83a" testName="ObtenerPrestamosActivosPorUsuario_DeberiaRetornarLista" computerName="MYCOMPUTER" duration="00:00:03.0085100" startTime="2025-10-09T19:51:19.8640170-04:00" endTime="2025-10-09T19:51:22.9499963-04:00" testType="13cdc9d9-ddb5-4fa4-a97d-d965ccfc6d4b" outcome="Failed" testListId="8c84fa94-04c1-424b-9868-57a2d4851a1d" relativeResultsDirectory="d947e8b0-3bbc-4334-9a3e-b93603d67ac5">
      <Output>
        <ErrorInfo>
          <Message>Excepción método de prueba Tests.PrestamoServiceTests.ObtenerPrestamosActivosPorUsuario_DeberiaRetornarLista:&#xD;
Microsoft.Data.SqlClient.SqlException: El nombre de columna 'Activo' no es válido.&#xD;
El nombre de columna 'FechaCreacion' no es válido.&#xD;
El nombre de columna 'FechaModificacion' no es válido.&#xD;
El nombre de columna 'FechaCreacion' no es válido.&#xD;
El nombre de columna 'FechaModificacion' no es válido.</Message>
          <StackTrace>    at Microsoft.Data.SqlClient.SqlCommand.&lt;&gt;c.&lt;ExecuteDbDataReaderAsync&gt;b__211_0(Task`1 result)&#xD;
   at System.Threading.Tasks.ContinuationResultTaskFromResultTask`2.InnerInvoke()&#xD;
   at System.Threading.ExecutionContext.RunInternal(ExecutionContext executionContext, ContextCallback callback, Object state)&#xD;
--- End of stack trace from previous location ---&#xD;
   at System.Threading.ExecutionContext.RunInternal(ExecutionContext executionContext, ContextCallback callback, Object state)&#xD;
   at System.Threading.Tasks.Task.ExecuteWithThreadLocal(Task&amp; currentTaskSlot, Thread threadPoolThread)&#xD;
--- End of stack trace from previous location ---&#xD;
   at Microsoft.EntityFrameworkCore.Storage.RelationalCommand.ExecuteReaderAsync(RelationalCommandParameterObject parameterObject, CancellationToken cancellationToken)&#xD;
   at Microsoft.EntityFrameworkCore.Storage.RelationalCommand.ExecuteReaderAsync(RelationalCommandParameterObject parameterObject, CancellationToken cancellationToken)&#xD;
   at Microsoft.EntityFrameworkCore.Query.Internal.SingleQueryingEnumerable`1.AsyncEnumerator.InitializeReaderAsync(AsyncEnumerator enumerator, CancellationToken cancellationToken)&#xD;
   at Microsoft.EntityFrameworkCore.SqlServer.Storage.Internal.SqlServerExecutionStrategy.ExecuteAsync[TState,TResult](TState state, Func`4 operation, Func`4 verifySucceeded, CancellationToken cancellationToken)&#xD;
   at Microsoft.EntityFrameworkCore.Query.Internal.SingleQueryingEnumerable`1.AsyncEnumerator.MoveNextAsync()&#xD;
   at Microsoft.EntityFrameworkCore.EntityFrameworkQueryableExtensions.ToListAsync[TSource](IQueryable`1 source, CancellationToken cancellationToken)&#xD;
   at Microsoft.EntityFrameworkCore.EntityFrameworkQueryableExtensions.ToListAsync[TSource](IQueryable`1 source, CancellationToken cancellationToken)&#xD;
   at SIGEBI.Persistence.Repositories.PrestamoRepository.ObtenerPorUsuarioAsync(Int32 usuarioId) in C:\Users\natha\Desktop\PROYECTO II\Persistence\Repositories\PrestamoRepository.cs:line 19&#xD;
   at SIGEBI.Application.Services.PrestamoService.ObtenerPrestamosActivosPorUsuarioAsync(Int32 usuarioId) in C:\Users\natha\Desktop\PROYECTO II\Application\Services\PrestamoService.cs:line 127&#xD;
   at Tests.PrestamoServiceTests.ObtenerPrestamosActivosPorUsuario_DeberiaRetornarLista() in C:\Users\natha\Desktop\PROYECTO II\SIGEBI2\Tests\PrestamoServiceTests.cs:line 170&#xD;
</StackTrace>
        </ErrorInfo>
      </Output>
    </UnitTestResult>
    <UnitTestResult executionId="7221476f-1ad7-47c0-aba8-7b04d18279e2" testId="0f87dc05-79c9-73c1-3fa6-130ec8e0701e" testName="ObtenerPrestamosVencidos_DeberiaRetornarPrestamosConFechaVencida" computerName="MYCOMPUTER" duration="00:00:02.7667166" startTime="2025-10-09T19:51:19.8639175-04:00" endTime="2025-10-09T19:51:22.7082717-04:00" testType="13cdc9d9-ddb5-4fa4-a97d-d965ccfc6d4b" outcome="Failed" testListId="8c84fa94-04c1-424b-9868-57a2d4851a1d" relativeResultsDirectory="7221476f-1ad7-47c0-aba8-7b04d18279e2">
      <Output>
        <ErrorInfo>
          <Message>Excepción método de prueba Tests.PrestamoServiceTests.ObtenerPrestamosVencidos_DeberiaRetornarPrestamosConFechaVencida:&#xD;
Microsoft.EntityFrameworkCore.DbUpdateException: An error occurred while saving the entity changes. See the inner exception for details. ---&gt; Microsoft.Data.SqlClient.SqlException: El nombre de columna 'FechaCreacion' no es válido.&#xD;
El nombre de columna 'FechaModificacion' no es válido.</Message>
          <StackTrace>    at Microsoft.Data.SqlClient.SqlConnection.OnError(SqlException exception, Boolean breakConnection, Action`1 wrapCloseInAction)&#xD;
   at Microsoft.Data.SqlClient.SqlInternalConnection.OnError(SqlException exception, Boolean breakConnection, Action`1 wrapCloseInAction)&#xD;
   at Microsoft.Data.SqlClient.TdsParser.ThrowExceptionAndWarning(TdsParserStateObject stateObj, Boolean callerHasConnectionLock, Boolean asyncClose)&#xD;
   at Microsoft.Data.SqlClient.TdsParser.TryRun(RunBehavior runBehavior, SqlCommand cmdHandler, SqlDataReader dataStream, BulkCopySimpleResultSet bulkCopyHandler, TdsParserStateObject stateObj, Boolean&amp; dataReady)&#xD;
   at Microsoft.Data.SqlClient.SqlDataReader.TryConsumeMetaData()&#xD;
   at Microsoft.Data.SqlClient.SqlDataReader.get_MetaData()&#xD;
   at Microsoft.Data.SqlClient.SqlCommand.FinishExecuteReader(SqlDataReader ds, RunBehavior runBehavior, String resetOptionsString, Boolean isInternal, Boolean forDescribeParameterEncryption, Boolean shouldCacheForAlwaysEncrypted)&#xD;
   at Microsoft.Data.SqlClient.SqlCommand.RunExecuteReaderTds(CommandBehavior cmdBehavior, RunBehavior runBehavior, Boolean returnStream, Boolean isAsync, Int32 timeout, Task&amp; task, Boolean asyncWrite, Boolean inRetry, SqlDataReader ds, Boolean describeParameterEncryptionRequest)&#xD;
   at Microsoft.Data.SqlClient.SqlCommand.RunExecuteReader(CommandBehavior cmdBehavior, RunBehavior runBehavior, Boolean returnStream, TaskCompletionSource`1 completion, Int32 timeout, Task&amp; task, Boolean&amp; usedCache, Boolean asyncWrite, Boolean inRetry, String method)&#xD;
   at Microsoft.Data.SqlClient.SqlCommand.RunExecuteReader(CommandBehavior cmdBehavior, RunBehavior runBehavior, Boolean returnStream, String method)&#xD;
   at Microsoft.Data.SqlClient.SqlCommand.ExecuteReader(CommandBehavior behavior)&#xD;
   at Microsoft.Data.SqlClient.SqlCommand.ExecuteDbDataReader(CommandBehavior behavior)&#xD;
   at Microsoft.EntityFrameworkCore.Storage.RelationalCommand.ExecuteReader(RelationalCommandParameterObject parameterObject)&#xD;
   at Microsoft.EntityFrameworkCore.Update.ReaderModificationCommandBatch.Execute(IRelationalConnection connection)&#xD;
--- Fin del seguimiento de la pila de excepción interna ---&#xD;
    at Microsoft.EntityFrameworkCore.Update.ReaderModificationCommandBatch.Execute(IRelationalConnection connection)&#xD;
   at Microsoft.EntityFrameworkCore.SqlServer.Update.Internal.SqlServerModificationCommandBatch.Execute(IRelationalConnection connection)&#xD;
   at Microsoft.EntityFrameworkCore.Update.Internal.BatchExecutor.Execute(IEnumerable`1 commandBatches, IRelationalConnection connection)&#xD;
   at Microsoft.EntityFrameworkCore.Storage.RelationalDatabase.SaveChanges(IList`1 entries)&#xD;
   at Microsoft.EntityFrameworkCore.ChangeTracking.Internal.StateManager.SaveChanges(IList`1 entriesToSave)&#xD;
   at Microsoft.EntityFrameworkCore.ChangeTracking.Internal.StateManager.SaveChanges(StateManager stateManager, Boolean acceptAllChangesOnSuccess)&#xD;
   at Microsoft.EntityFrameworkCore.ChangeTracking.Internal.StateManager.&lt;&gt;c.&lt;SaveChanges&gt;b__112_0(DbContext _, ValueTuple`2 t)&#xD;
   at Microsoft.EntityFrameworkCore.SqlServer.Storage.Internal.SqlServerExecutionStrategy.Execute[TState,TResult](TState state, Func`3 operation, Func`3 verifySucceeded)&#xD;
   at Microsoft.EntityFrameworkCore.ChangeTracking.Internal.StateManager.SaveChanges(Boolean acceptAllChangesOnSuccess)&#xD;
   at Microsoft.EntityFrameworkCore.DbContext.SaveChanges(Boolean acceptAllChangesOnSuccess)&#xD;
   at Microsoft.EntityFrameworkCore.DbContext.SaveChanges()&#xD;
   at Tests.PrestamoServiceTests.ObtenerPrestamosVencidos_DeberiaRetornarPrestamosConFechaVencida() in C:\Users\natha\Desktop\PROYECTO II\SIGEBI2\Tests\PrestamoServiceTests.cs:line 213&#xD;
</StackTrace>
        </ErrorInfo>
      </Output>
    </UnitTestResult>
    <UnitTestResult executionId="b0d8f21f-0974-4d46-bd15-4b48a46f7837" testId="162c552b-224d-3eae-9009-bfb446c1baf1" testName="EliminarUsuario_DeberiaEliminarCorrectamente" computerName="MYCOMPUTER" duration="00:00:03.9821633" startTime="2025-10-09T19:51:19.9690637-04:00" endTime="2025-10-09T19:51:23.9516289-04:00" testType="13cdc9d9-ddb5-4fa4-a97d-d965ccfc6d4b" outcome="Passed" testListId="8c84fa94-04c1-424b-9868-57a2d4851a1d" relativeResultsDirectory="b0d8f21f-0974-4d46-bd15-4b48a46f7837" />
    <UnitTestResult executionId="0bc5f2ee-9727-46f5-a314-6803c8cc904a" testId="198e8709-fae6-e5af-47ec-940a71201de4" testName="ActualizarLibro_DeberiaModificarCampos" computerName="MYCOMPUTER" duration="00:00:04.0062978" startTime="2025-10-09T19:51:19.8639628-04:00" endTime="2025-10-09T19:51:23.9478594-04:00" testType="13cdc9d9-ddb5-4fa4-a97d-d965ccfc6d4b" outcome="Passed" testListId="8c84fa94-04c1-424b-9868-57a2d4851a1d" relativeResultsDirectory="0bc5f2ee-9727-46f5-a314-6803c8cc904a" />
    <UnitTestResult executionId="8f2f09a4-fc28-44f6-9a0c-1e8840855412" testId="f072455d-d1c7-b3df-601d-0e137fd171ae" testName="ActualizarUsuario_DeberiaModificarDatos" computerName="MYCOMPUTER" duration="00:00:04.0096664" startTime="2025-10-09T19:51:19.8637806-04:00" endTime="2025-10-09T19:51:23.9512370-04:00" testType="13cdc9d9-ddb5-4fa4-a97d-d965ccfc6d4b" outcome="Passed" testListId="8c84fa94-04c1-424b-9868-57a2d4851a1d" relativeResultsDirectory="8f2f09a4-fc28-44f6-9a0c-1e8840855412" />
  </Results>
  <TestDefinitions>
    <UnitTest name="ObtenerPrestamosActivosPorUsuario_DeberiaRetornarLista" storage="c:\users\natha\desktop\proyecto ii\sigebi2\tests\bin\debug\net8.0\tests.dll" id="3a16017c-c8ea-3bf1-d29e-cbfb5aaae83a">
      <Execution id="d947e8b0-3bbc-4334-9a3e-b93603d67ac5" />
      <TestMethod codeBase="C:\Users\natha\Desktop\PROYECTO II\SIGEBI2\Tests\bin\Debug\net8.0\Tests.dll" adapterTypeName="executor://mstestadapter/v2" className="Tests.PrestamoServiceTests" name="ObtenerPrestamosActivosPorUsuario_DeberiaRetornarLista" />
    </UnitTest>
    <UnitTest name="CambiarDisponibilidad_DeberiaActualizarEstado" storage="c:\users\natha\desktop\proyecto ii\sigebi2\tests\bin\debug\net8.0\tests.dll" id="c63944cf-742c-8f06-2dba-ad74ec80fcb2">
      <Execution id="9d9c79df-3a35-47c5-a6cb-5eec9440f0e0" />
      <TestMethod codeBase="C:\Users\natha\Desktop\PROYECTO II\SIGEBI2\Tests\bin\Debug\net8.0\Tests.dll" adapterTypeName="executor://mstestadapter/v2" className="Tests.LibroRepositoryTests" name="CambiarDisponibilidad_DeberiaActualizarEstado" />
    </UnitTest>
    <UnitTest name="ActualizarUsuario_DeberiaModificarDatos" storage="c:\users\natha\desktop\proyecto ii\sigebi2\tests\bin\debug\net8.0\tests.dll" id="f072455d-d1c7-b3df-601d-0e137fd171ae">
      <Execution id="8f2f09a4-fc28-44f6-9a0c-1e8840855412" />
      <TestMethod codeBase="C:\Users\natha\Desktop\PROYECTO II\SIGEBI2\Tests\bin\Debug\net8.0\Tests.dll" adapterTypeName="executor://mstestadapter/v2" className="Tests.UsuarioRepositoryTests" name="ActualizarUsuario_DeberiaModificarDatos" />
    </UnitTest>
    <UnitTest name="ActivarUsuario_DeberiaCambiarEstado" storage="c:\users\natha\desktop\proyecto ii\sigebi2\tests\bin\debug\net8.0\tests.dll" id="80809000-ad3e-9518-968f-7d6850b255ba">
      <Execution id="fd15f137-d37e-4938-97e2-c30196cd0eee" />
      <TestMethod codeBase="C:\Users\natha\Desktop\PROYECTO II\SIGEBI2\Tests\bin\Debug\net8.0\Tests.dll" adapterTypeName="executor://mstestadapter/v2" className="Tests.UsuarioRepositoryTests" name="ActivarUsuario_DeberiaCambiarEstado" />
    </UnitTest>
    <UnitTest name="EliminarLibro_DeberiaDesactivarEntidad" storage="c:\users\natha\desktop\proyecto ii\sigebi2\tests\bin\debug\net8.0\tests.dll" id="5b95f6e0-6eba-402b-5f87-95cad14ce473">
      <Execution id="ac115ee9-46c0-490f-a6e8-9f1466be043d" />
      <TestMethod codeBase="C:\Users\natha\Desktop\PROYECTO II\SIGEBI2\Tests\bin\Debug\net8.0\Tests.dll" adapterTypeName="executor://mstestadapter/v2" className="Tests.LibroRepositoryTests" name="EliminarLibro_DeberiaDesactivarEntidad" />
    </UnitTest>
    <UnitTest name="RegistrarPrestamo_DeberiaCrearPrestamoYDetalles" storage="c:\users\natha\desktop\proyecto ii\sigebi2\tests\bin\debug\net8.0\tests.dll" id="95f0d1c0-bd2e-e7ca-f2b0-3d365b7c63cb">
      <Execution id="a0858f03-dc43-4075-90ef-333617a6ede9" />
      <TestMethod codeBase="C:\Users\natha\Desktop\PROYECTO II\SIGEBI2\Tests\bin\Debug\net8.0\Tests.dll" adapterTypeName="executor://mstestadapter/v2" className="Tests.PrestamoServiceTests" name="RegistrarPrestamo_DeberiaCrearPrestamoYDetalles" />
    </UnitTest>
    <UnitTest name="ObtenerPrestamosVencidos_DeberiaRetornarPrestamosConFechaVencida" storage="c:\users\natha\desktop\proyecto ii\sigebi2\tests\bin\debug\net8.0\tests.dll" id="0f87dc05-79c9-73c1-3fa6-130ec8e0701e">
      <Execution id="7221476f-1ad7-47c0-aba8-7b04d18279e2" />
      <TestMethod codeBase="C:\Users\natha\Desktop\PROYECTO II\SIGEBI2\Tests\bin\Debug\net8.0\Tests.dll" adapterTypeName="executor://mstestadapter/v2" className="Tests.PrestamoServiceTests" name="ObtenerPrestamosVencidos_DeberiaRetornarPrestamosConFechaVencida" />
    </UnitTest>
    <UnitTest name="RegistrarDevolucion_DeberiaActualizarLibroYMarcarPrestamoCerrado" storage="c:\users\natha\desktop\proyecto ii\sigebi2\tests\bin\debug\net8.0\tests.dll" id="866774c8-1d71-53ee-66e6-d59f9be5aeb2">
      <Execution id="9e0f16ec-713d-4fe1-9691-1da3256437b3" />
      <TestMethod codeBase="C:\Users\natha\Desktop\PROYECTO II\SIGEBI2\Tests\bin\Debug\net8.0\Tests.dll" adapterTypeName="executor://mstestadapter/v2" className="Tests.PrestamoServiceTests" name="RegistrarDevolucion_DeberiaActualizarLibroYMarcarPrestamoCerrado" />
    </UnitTest>
    <UnitTest name="DesactivarUsuario_DeberiaCambiarEstado" storage="c:\users\natha\desktop\proyecto ii\sigebi2\tests\bin\debug\net8.0\tests.dll" id="9ce84978-507e-9212-92e2-c7c3c7e2d4eb">
      <Execution id="67e806de-fe5a-4883-bfbf-8074089b7676" />
      <TestMethod codeBase="C:\Users\natha\Desktop\PROYECTO II\SIGEBI2\Tests\bin\Debug\net8.0\Tests.dll" adapterTypeName="executor://mstestadapter/v2" className="Tests.UsuarioRepositoryTests" name="DesactivarUsuario_DeberiaCambiarEstado" />
    </UnitTest>
    <UnitTest name="TestMethod1" storage="c:\users\natha\desktop\proyecto ii\sigebi2\tests\bin\debug\net8.0\tests.dll" id="4c5989ee-2eef-abd7-3d39-af27603ace72">
      <Execution id="31d09e34-8472-4b50-975d-ba5cb27647a7" />
      <TestMethod codeBase="C:\Users\natha\Desktop\PROYECTO II\SIGEBI2\Tests\bin\Debug\net8.0\Tests.dll" adapterTypeName="executor://mstestadapter/v2" className="Tests.Test1" name="TestMethod1" />
    </UnitTest>
    <UnitTest name="BuscarLibro_DeberiaRetornarCoincidencias" storage="c:\users\natha\desktop\proyecto ii\sigebi2\tests\bin\debug\net8.0\tests.dll" id="45bbe590-e7fa-a738-6832-4cfd0d74d08b">
      <Execution id="badb797e-85ac-4937-9a14-b17f454eb824" />
      <TestMethod codeBase="C:\Users\natha\Desktop\PROYECTO II\SIGEBI2\Tests\bin\Debug\net8.0\Tests.dll" adapterTypeName="executor://mstestadapter/v2" className="Tests.LibroRepositoryTests" name="BuscarLibro_DeberiaRetornarCoincidencias" />
    </UnitTest>
    <UnitTest name="EstaDisponible_DeberiaRetornarTruePorDefecto" storage="c:\users\natha\desktop\proyecto ii\sigebi2\tests\bin\debug\net8.0\tests.dll" id="7d52a1f8-3a44-d1c8-4163-e0633e897ad2">
      <Execution id="a172aaae-501d-4eaa-86e6-31fb1c4a48f3" />
      <TestMethod codeBase="C:\Users\natha\Desktop\PROYECTO II\SIGEBI2\Tests\bin\Debug\net8.0\Tests.dll" adapterTypeName="executor://mstestadapter/v2" className="Tests.LibroRepositoryTests" name="EstaDisponible_DeberiaRetornarTruePorDefecto" />
    </UnitTest>
    <UnitTest name="ObtenerUsuarios_DeberiaRetornarLista" storage="c:\users\natha\desktop\proyecto ii\sigebi2\tests\bin\debug\net8.0\tests.dll" id="bf93dc6a-d071-3c56-1f3c-796e1d62f918">
      <Execution id="8ccd05c0-a5bf-439e-b750-a23d77b47ec9" />
      <TestMethod codeBase="C:\Users\natha\Desktop\PROYECTO II\SIGEBI2\Tests\bin\Debug\net8.0\Tests.dll" adapterTypeName="executor://mstestadapter/v2" className="Tests.UsuarioRepositoryTests" name="ObtenerUsuarios_DeberiaRetornarLista" />
    </UnitTest>
    <UnitTest name="ActualizarLibro_DeberiaModificarCampos" storage="c:\users\natha\desktop\proyecto ii\sigebi2\tests\bin\debug\net8.0\tests.dll" id="198e8709-fae6-e5af-47ec-940a71201de4">
      <Execution id="0bc5f2ee-9727-46f5-a314-6803c8cc904a" />
      <TestMethod codeBase="C:\Users\natha\Desktop\PROYECTO II\SIGEBI2\Tests\bin\Debug\net8.0\Tests.dll" adapterTypeName="executor://mstestadapter/v2" className="Tests.LibroRepositoryTests" name="ActualizarLibro_DeberiaModificarCampos" />
    </UnitTest>
    <UnitTest name="CrearUsuario_DeberiaGuardarCorrectamente" storage="c:\users\natha\desktop\proyecto ii\sigebi2\tests\bin\debug\net8.0\tests.dll" id="c7114356-7df2-9da0-c4ef-82cfd3ee0779">
      <Execution id="d0a0d41a-42ec-452b-b7b7-5c328e6aa01e" />
      <TestMethod codeBase="C:\Users\natha\Desktop\PROYECTO II\SIGEBI2\Tests\bin\Debug\net8.0\Tests.dll" adapterTypeName="executor://mstestadapter/v2" className="Tests.UsuarioRepositoryTests" name="CrearUsuario_DeberiaGuardarCorrectamente" />
    </UnitTest>
    <UnitTest name="EliminarUsuario_DeberiaEliminarCorrectamente" storage="c:\users\natha\desktop\proyecto ii\sigebi2\tests\bin\debug\net8.0\tests.dll" id="162c552b-224d-3eae-9009-bfb446c1baf1">
      <Execution id="b0d8f21f-0974-4d46-bd15-4b48a46f7837" />
      <TestMethod codeBase="C:\Users\natha\Desktop\PROYECTO II\SIGEBI2\Tests\bin\Debug\net8.0\Tests.dll" adapterTypeName="executor://mstestadapter/v2" className="Tests.UsuarioRepositoryTests" name="EliminarUsuario_DeberiaEliminarCorrectamente" />
    </UnitTest>
    <UnitTest name="CrearLibro_DeberiaAgregarLibro" storage="c:\users\natha\desktop\proyecto ii\sigebi2\tests\bin\debug\net8.0\tests.dll" id="592fafa7-e46b-fc80-bd9b-2b8aea086276">
      <Execution id="060d3ae3-d1b5-4026-9c0f-8f8a302eb2d6" />
      <TestMethod codeBase="C:\Users\natha\Desktop\PROYECTO II\SIGEBI2\Tests\bin\Debug\net8.0\Tests.dll" adapterTypeName="executor://mstestadapter/v2" className="Tests.LibroRepositoryTests" name="CrearLibro_DeberiaAgregarLibro" />
    </UnitTest>
  </TestDefinitions>
  <TestEntries>
    <TestEntry testId="bf93dc6a-d071-3c56-1f3c-796e1d62f918" executionId="8ccd05c0-a5bf-439e-b750-a23d77b47ec9" testListId="8c84fa94-04c1-424b-9868-57a2d4851a1d" />
    <TestEntry testId="4c5989ee-2eef-abd7-3d39-af27603ace72" executionId="31d09e34-8472-4b50-975d-ba5cb27647a7" testListId="8c84fa94-04c1-424b-9868-57a2d4851a1d" />
    <TestEntry testId="c63944cf-742c-8f06-2dba-ad74ec80fcb2" executionId="9d9c79df-3a35-47c5-a6cb-5eec9440f0e0" testListId="8c84fa94-04c1-424b-9868-57a2d4851a1d" />
    <TestEntry testId="80809000-ad3e-9518-968f-7d6850b255ba" executionId="fd15f137-d37e-4938-97e2-c30196cd0eee" testListId="8c84fa94-04c1-424b-9868-57a2d4851a1d" />
    <TestEntry testId="866774c8-1d71-53ee-66e6-d59f9be5aeb2" executionId="9e0f16ec-713d-4fe1-9691-1da3256437b3" testListId="8c84fa94-04c1-424b-9868-57a2d4851a1d" />
    <TestEntry testId="592fafa7-e46b-fc80-bd9b-2b8aea086276" executionId="060d3ae3-d1b5-4026-9c0f-8f8a302eb2d6" testListId="8c84fa94-04c1-424b-9868-57a2d4851a1d" />
    <TestEntry testId="95f0d1c0-bd2e-e7ca-f2b0-3d365b7c63cb" executionId="a0858f03-dc43-4075-90ef-333617a6ede9" testListId="8c84fa94-04c1-424b-9868-57a2d4851a1d" />
    <TestEntry testId="c7114356-7df2-9da0-c4ef-82cfd3ee0779" executionId="d0a0d41a-42ec-452b-b7b7-5c328e6aa01e" testListId="8c84fa94-04c1-424b-9868-57a2d4851a1d" />
    <TestEntry testId="9ce84978-507e-9212-92e2-c7c3c7e2d4eb" executionId="67e806de-fe5a-4883-bfbf-8074089b7676" testListId="8c84fa94-04c1-424b-9868-57a2d4851a1d" />
    <TestEntry testId="45bbe590-e7fa-a738-6832-4cfd0d74d08b" executionId="badb797e-85ac-4937-9a14-b17f454eb824" testListId="8c84fa94-04c1-424b-9868-57a2d4851a1d" />
    <TestEntry testId="5b95f6e0-6eba-402b-5f87-95cad14ce473" executionId="ac115ee9-46c0-490f-a6e8-9f1466be043d" testListId="8c84fa94-04c1-424b-9868-57a2d4851a1d" />
    <TestEntry testId="7d52a1f8-3a44-d1c8-4163-e0633e897ad2" executionId="a172aaae-501d-4eaa-86e6-31fb1c4a48f3" testListId="8c84fa94-04c1-424b-9868-57a2d4851a1d" />
    <TestEntry testId="3a16017c-c8ea-3bf1-d29e-cbfb5aaae83a" executionId="d947e8b0-3bbc-4334-9a3e-b93603d67ac5" testListId="8c84fa94-04c1-424b-9868-57a2d4851a1d" />
    <TestEntry testId="0f87dc05-79c9-73c1-3fa6-130ec8e0701e" executionId="7221476f-1ad7-47c0-aba8-7b04d18279e2" testListId="8c84fa94-04c1-424b-9868-57a2d4851a1d" />
    <TestEntry testId="162c552b-224d-3eae-9009-bfb446c1baf1" executionId="b0d8f21f-0974-4d46-bd15-4b48a46f7837" testListId="8c84fa94-04c1-424b-9868-57a2d4851a1d" />
    <TestEntry testId="198e8709-fae6-e5af-47ec-940a71201de4" executionId="0bc5f2ee-9727-46f5-a314-6803c8cc904a" testListId="8c84fa94-04c1-424b-9868-57a2d4851a1d" />
    <TestEntry testId="f072455d-d1c7-b3df-601d-0e137fd171ae" executionId="8f2f09a4-fc28-44f6-9a0c-1e8840855412" testListId="8c84fa94-04c1-424b-9868-57a2d4851a1d" />
  </TestEntries>
  <TestLists>
    <TestList name="Resultados sin formato de lista" id="8c84fa94-04c1-424b-9868-57a2d4851a1d" />
    <TestList name="Todos los resultados cargados" id="19431567-8539-422a-85d7-44ee4e166bda" />
  </TestLists>
  <ResultSummary outcome="Failed">
    <Counters total="17" executed="17" passed="10" failed="7" error="0" timeout="0" aborted="0" inconclusive="0" passedButRunAborted="0" notRunnable="0" notExecuted="0" disconnected="0" warning="0" completed="0" inProgress="0" pending="0" />
    <Output>
      <StdOut>Probar paralelización habilitada para C:\Users\natha\Desktop\PROYECTO II\SIGEBI2\Tests\bin\Debug\net8.0\Tests.dll (Trabajos: 16, Ámbito: MethodLevel)&#xD;
</StdOut>
    </Output>
  </ResultSummary>
</TestRun>